Using device: cpu
Starting AIJack FedAvg + DP BloodMNIST | clients=5, rounds=20, local_epochs=1, batch_size=64, lr=0.01, split=dirichlet, alpha=1.0, optimizer=SGD, dp_enabled=True, clip_norm=1.0, noise_multiplier=0.5, dp_noise_std=None, effective_noise_multiplier=0.5, actual_noise_std=0.5, delta=1e-05
communication 0, epoch 0: client-1 0.03150527540813474
communication 0, epoch 0: client-2 0.032065086687604584
communication 0, epoch 0: client-3 0.030961054501434167
communication 0, epoch 0: client-4 0.02985622289662178
communication 0, epoch 0: client-5 0.030938792892772217
Round 001/20 | val_loss: 2.0541 | val_acc: 0.2395 | val_macro_f1: 0.1069 | non_finite_batches: 0
communication 1, epoch 0: client-1 0.029728249413892627
communication 1, epoch 0: client-2 0.030165282876363823
communication 1, epoch 0: client-3 0.0311366505920887
communication 1, epoch 0: client-4 0.029367980857690174
communication 1, epoch 0: client-5 0.029844180609171208
Round 002/20 | val_loss: 2.0123 | val_acc: 0.2120 | val_macro_f1: 0.0667 | non_finite_batches: 0
communication 2, epoch 0: client-1 0.030082089981685083
communication 2, epoch 0: client-2 0.029664495752917394
communication 2, epoch 0: client-3 0.03066572676534238
communication 2, epoch 0: client-4 0.02926630882376974
communication 2, epoch 0: client-5 0.02864903202280402
Round 003/20 | val_loss: 1.9720 | val_acc: 0.3218 | val_macro_f1: 0.1797 | non_finite_batches: 0
communication 3, epoch 0: client-1 0.028619398828595877
communication 3, epoch 0: client-2 0.028063638565632012
communication 3, epoch 0: client-3 0.029720321763306856
communication 3, epoch 0: client-4 0.02951536709442735
communication 3, epoch 0: client-5 0.028497145999045598
Round 004/20 | val_loss: 1.9352 | val_acc: 0.3768 | val_macro_f1: 0.2433 | non_finite_batches: 0
communication 4, epoch 0: client-1 0.02715749724302441
communication 4, epoch 0: client-2 0.026382037487469222
communication 4, epoch 0: client-3 0.02949050971521781
communication 4, epoch 0: client-4 0.02706428651732427
communication 4, epoch 0: client-5 0.02832010746575319
Round 005/20 | val_loss: 1.9293 | val_acc: 0.2319 | val_macro_f1: 0.1253 | non_finite_batches: 0
communication 5, epoch 0: client-1 0.026527862892382674
communication 5, epoch 0: client-2 0.02604723908007145
communication 5, epoch 0: client-3 0.02829310460947454
communication 5, epoch 0: client-4 0.02615126520395279
communication 5, epoch 0: client-5 0.028590298427099533
Round 006/20 | val_loss: 1.8857 | val_acc: 0.3353 | val_macro_f1: 0.2016 | non_finite_batches: 0
communication 6, epoch 0: client-1 0.026979277034600575
communication 6, epoch 0: client-2 0.025952253283725843
communication 6, epoch 0: client-3 0.028125055581331253
communication 6, epoch 0: client-4 0.026264640635677745
communication 6, epoch 0: client-5 0.02729122502648312
Round 007/20 | val_loss: 1.8517 | val_acc: 0.3633 | val_macro_f1: 0.2089 | non_finite_batches: 0
communication 7, epoch 0: client-1 0.02698068351795276
communication 7, epoch 0: client-2 0.025743734557181597
communication 7, epoch 0: client-3 0.028285960406064986
communication 7, epoch 0: client-4 0.0246749110519886
communication 7, epoch 0: client-5 0.027554739189023774
Round 008/20 | val_loss: 1.8380 | val_acc: 0.3452 | val_macro_f1: 0.1897 | non_finite_batches: 0
communication 8, epoch 0: client-1 0.026176818646490574
communication 8, epoch 0: client-2 0.025090887477355345
communication 8, epoch 0: client-3 0.028220502229837272
communication 8, epoch 0: client-4 0.024226308715614406
communication 8, epoch 0: client-5 0.02710407171398401
Round 009/20 | val_loss: 1.7967 | val_acc: 0.3604 | val_macro_f1: 0.2150 | non_finite_batches: 0
communication 9, epoch 0: client-1 0.024499621863166492
communication 9, epoch 0: client-2 0.025419432980318863
communication 9, epoch 0: client-3 0.026821545468500026
communication 9, epoch 0: client-4 0.021894029997013235
communication 9, epoch 0: client-5 0.02577288618878178
Round 010/20 | val_loss: 1.7254 | val_acc: 0.3697 | val_macro_f1: 0.2038 | non_finite_batches: 0
communication 10, epoch 0: client-1 0.02466264149794976
communication 10, epoch 0: client-2 0.02370959838085315
communication 10, epoch 0: client-3 0.029281753498841736
communication 10, epoch 0: client-4 0.02136694058775902
communication 10, epoch 0: client-5 0.0264560179784894
Round 011/20 | val_loss: 1.6956 | val_acc: 0.3978 | val_macro_f1: 0.2288 | non_finite_batches: 0
communication 11, epoch 0: client-1 0.02515980085501304
communication 11, epoch 0: client-2 0.022755939629860222
communication 11, epoch 0: client-3 0.026356184234221775
communication 11, epoch 0: client-4 0.02133185528218746
communication 11, epoch 0: client-5 0.025031177637477715
Round 012/20 | val_loss: 1.6843 | val_acc: 0.4194 | val_macro_f1: 0.2622 | non_finite_batches: 0
communication 12, epoch 0: client-1 0.02497797565800803
communication 12, epoch 0: client-2 0.022601298721773282
communication 12, epoch 0: client-3 0.025163832054074322
communication 12, epoch 0: client-4 0.022116969916082564
communication 12, epoch 0: client-5 0.025044799289282632
Round 013/20 | val_loss: 1.6630 | val_acc: 0.3931 | val_macro_f1: 0.2517 | non_finite_batches: 0
communication 13, epoch 0: client-1 0.02274423949420452
communication 13, epoch 0: client-2 0.023707512207329272
communication 13, epoch 0: client-3 0.024797707958065945
communication 13, epoch 0: client-4 0.02042665984481573
communication 13, epoch 0: client-5 0.024820526503026484
Round 014/20 | val_loss: 1.5946 | val_acc: 0.4095 | val_macro_f1: 0.2701 | non_finite_batches: 0
communication 14, epoch 0: client-1 0.023750407621264458
communication 14, epoch 0: client-2 0.022440425927440326
communication 14, epoch 0: client-3 0.024479767092718527
communication 14, epoch 0: client-4 0.01858286733829206
communication 14, epoch 0: client-5 0.023890103795565665
Round 015/20 | val_loss: 1.5541 | val_acc: 0.3966 | val_macro_f1: 0.2422 | non_finite_batches: 0
communication 15, epoch 0: client-1 0.025489141854147117
communication 15, epoch 0: client-2 0.020590626324216526
communication 15, epoch 0: client-3 0.02523830295022991
communication 15, epoch 0: client-4 0.018041374099751314
communication 15, epoch 0: client-5 0.021922381513792534
Round 016/20 | val_loss: 1.5329 | val_acc: 0.4457 | val_macro_f1: 0.2949 | non_finite_batches: 0
communication 16, epoch 0: client-1 0.021196985927720863
communication 16, epoch 0: client-2 0.021271556499414146
communication 16, epoch 0: client-3 0.024050404628117878
communication 16, epoch 0: client-4 0.01802805159240961
communication 16, epoch 0: client-5 0.022678378564508064
Round 017/20 | val_loss: 1.4733 | val_acc: 0.4778 | val_macro_f1: 0.3355 | non_finite_batches: 0
communication 17, epoch 0: client-1 0.020832608143488567
communication 17, epoch 0: client-2 0.020117881940677762
communication 17, epoch 0: client-3 0.022762360194554694
communication 17, epoch 0: client-4 0.017499161884188652
communication 17, epoch 0: client-5 0.022866855206137352
Round 018/20 | val_loss: 1.4457 | val_acc: 0.4655 | val_macro_f1: 0.3419 | non_finite_batches: 0
communication 18, epoch 0: client-1 0.02002037587490949
communication 18, epoch 0: client-2 0.020838875323534012
communication 18, epoch 0: client-3 0.022023876596774374
communication 18, epoch 0: client-4 0.018359620201711852
communication 18, epoch 0: client-5 0.02175414699472879
Round 019/20 | val_loss: 1.4287 | val_acc: 0.4521 | val_macro_f1: 0.3461 | non_finite_batches: 0
communication 19, epoch 0: client-1 0.02121108313175765
communication 19, epoch 0: client-2 0.021066016771576622
communication 19, epoch 0: client-3 0.020948818552174737
communication 19, epoch 0: client-4 0.01606198422739218
communication 19, epoch 0: client-5 0.021486999078964193
Round 020/20 | val_loss: 1.3931 | val_acc: 0.4901 | val_macro_f1: 0.3652 | non_finite_batches: 0

Final test evaluation:
Best round: 20
Best validation loss: 1.3931
Test loss: 1.3947
Test accuracy: 0.4955
Test macro-F1: 0.3712
Test non-finite batches: 0
DP epsilon: 90.12663110385034
DP delta: 1e-05
DP sampling rate: 1.0
Privacy accountant: AIJack GeneralMomentAccountant
Test F1 class 0: 0.0081 (basophil)
Test F1 class 1: 0.4306 (eosinophil)
Test F1 class 2: 0.6103 (erythroblast)
Test F1 class 3: 0.3625 (immature granulocytes(myelocytes, metamyelocytes and promyelocytes))
Test F1 class 4: 0.0000 (lymphocyte)
Test F1 class 5: 0.0361 (monocyte)
Test F1 class 6: 0.5684 (neutrophil)
Test F1 class 7: 0.9539 (platelet)

Saved config to: results/day1fix_blood_alpha1_sigma0p5_seed43/config.yaml
Saved history to: results/day1fix_blood_alpha1_sigma0p5_seed43/history.csv
Saved test metrics to: results/day1fix_blood_alpha1_sigma0p5_seed43/test_metrics.csv
Saved client distributions to: results/day1fix_blood_alpha1_sigma0p5_seed43/client_distributions.csv
Saved final model to: results/day1fix_blood_alpha1_sigma0p5_seed43/final_model.pt
Saved confusion matrix to: results/day1fix_blood_alpha1_sigma0p5_seed43/confusion_matrix.png
