Using device: cpu
Starting AIJack FedAvg + DP BloodMNIST | clients=5, rounds=20, local_epochs=1, batch_size=64, lr=0.01, split=dirichlet, alpha=1.0, optimizer=SGD, dp_enabled=True, clip_norm=1.0, noise_multiplier=0.2, dp_noise_std=None, effective_noise_multiplier=0.2, actual_noise_std=0.2, delta=1e-05
communication 0, epoch 0: client-1 0.032050296664237976
communication 0, epoch 0: client-2 0.030757359831648713
communication 0, epoch 0: client-3 0.03208797247233716
communication 0, epoch 0: client-4 0.03203436818260413
communication 0, epoch 0: client-5 0.03229875404101152
Round 001/20 | val_loss: 2.0470 | val_acc: 0.2296 | val_macro_f1: 0.0836 | non_finite_batches: 0
communication 1, epoch 0: client-1 0.031870358530431984
communication 1, epoch 0: client-2 0.029353109047268375
communication 1, epoch 0: client-3 0.03161932182099138
communication 1, epoch 0: client-4 0.031409659064733066
communication 1, epoch 0: client-5 0.03212927247990261
Round 002/20 | val_loss: 2.0197 | val_acc: 0.1945 | val_macro_f1: 0.0407 | non_finite_batches: 0
communication 2, epoch 0: client-1 0.032568705769685596
communication 2, epoch 0: client-2 0.02857565532128016
communication 2, epoch 0: client-3 0.03127745331989394
communication 2, epoch 0: client-4 0.03071466212471326
communication 2, epoch 0: client-5 0.03159402248760065
Round 003/20 | val_loss: 1.9958 | val_acc: 0.1951 | val_macro_f1: 0.0416 | non_finite_batches: 0
communication 3, epoch 0: client-1 0.03177308849990368
communication 3, epoch 0: client-2 0.027099134790342906
communication 3, epoch 0: client-3 0.0307223885320127
communication 3, epoch 0: client-4 0.030697178525420334
communication 3, epoch 0: client-5 0.03165011695371224
Round 004/20 | val_loss: 1.9689 | val_acc: 0.1968 | val_macro_f1: 0.0444 | non_finite_batches: 0
communication 4, epoch 0: client-1 0.03159709740430117
communication 4, epoch 0: client-2 0.026656448420497678
communication 4, epoch 0: client-3 0.03029325301758945
communication 4, epoch 0: client-4 0.030371654964983463
communication 4, epoch 0: client-5 0.031536067525545754
Round 005/20 | val_loss: 1.9462 | val_acc: 0.2932 | val_macro_f1: 0.1088 | non_finite_batches: 0
communication 5, epoch 0: client-1 0.03140940594797333
communication 5, epoch 0: client-2 0.02593522430642655
communication 5, epoch 0: client-3 0.029772740995718375
communication 5, epoch 0: client-4 0.03030511167119531
communication 5, epoch 0: client-5 0.03066668387215871
Round 006/20 | val_loss: 1.9242 | val_acc: 0.2395 | val_macro_f1: 0.0818 | non_finite_batches: 0
communication 6, epoch 0: client-1 0.03103821398690343
communication 6, epoch 0: client-2 0.02549461551524442
communication 6, epoch 0: client-3 0.02959346796639941
communication 6, epoch 0: client-4 0.03083057039313846
communication 6, epoch 0: client-5 0.029484801615277927
Round 007/20 | val_loss: 1.8943 | val_acc: 0.4474 | val_macro_f1: 0.2527 | non_finite_batches: 0
communication 7, epoch 0: client-1 0.02874422437426719
communication 7, epoch 0: client-2 0.025449936976656318
communication 7, epoch 0: client-3 0.02863821597850841
communication 7, epoch 0: client-4 0.029242476758857567
communication 7, epoch 0: client-5 0.02886102849151939
Round 008/20 | val_loss: 1.8462 | val_acc: 0.4632 | val_macro_f1: 0.2596 | non_finite_batches: 0
communication 8, epoch 0: client-1 0.028277098201215267
communication 8, epoch 0: client-2 0.02355892847963544
communication 8, epoch 0: client-3 0.027905010172854298
communication 8, epoch 0: client-4 0.028968992829322814
communication 8, epoch 0: client-5 0.027612423772613207
Round 009/20 | val_loss: 1.7923 | val_acc: 0.4433 | val_macro_f1: 0.2518 | non_finite_batches: 0
communication 9, epoch 0: client-1 0.02593315641085307
communication 9, epoch 0: client-2 0.023258794741383915
communication 9, epoch 0: client-3 0.027801288384944202
communication 9, epoch 0: client-4 0.02805722353514284
communication 9, epoch 0: client-5 0.026872452348470688
Round 010/20 | val_loss: 1.7427 | val_acc: 0.4959 | val_macro_f1: 0.2899 | non_finite_batches: 0
communication 10, epoch 0: client-1 0.02489707049810224
communication 10, epoch 0: client-2 0.02256444995291531
communication 10, epoch 0: client-3 0.02646204300224781
communication 10, epoch 0: client-4 0.026538301466239825
communication 10, epoch 0: client-5 0.025561067001784548
Round 011/20 | val_loss: 1.6813 | val_acc: 0.4679 | val_macro_f1: 0.2885 | non_finite_batches: 0
communication 11, epoch 0: client-1 0.024322292922685545
communication 11, epoch 0: client-2 0.021719898709229062
communication 11, epoch 0: client-3 0.025859140402947862
communication 11, epoch 0: client-4 0.026336600737912313
communication 11, epoch 0: client-5 0.023977992062767347
Round 012/20 | val_loss: 1.6272 | val_acc: 0.4591 | val_macro_f1: 0.2640 | non_finite_batches: 0
communication 12, epoch 0: client-1 0.02305146975114065
communication 12, epoch 0: client-2 0.020614025752163596
communication 12, epoch 0: client-3 0.0240101291919532
communication 12, epoch 0: client-4 0.025592783635312862
communication 12, epoch 0: client-5 0.02364201859260599
Round 013/20 | val_loss: 1.5803 | val_acc: 0.5234 | val_macro_f1: 0.3136 | non_finite_batches: 0
communication 13, epoch 0: client-1 0.02310957375448197
communication 13, epoch 0: client-2 0.01972626366962989
communication 13, epoch 0: client-3 0.023757657834461758
communication 13, epoch 0: client-4 0.025024555157870054
communication 13, epoch 0: client-5 0.023169229315085846
Round 014/20 | val_loss: 1.5407 | val_acc: 0.5117 | val_macro_f1: 0.3069 | non_finite_batches: 0
communication 14, epoch 0: client-1 0.021835926299293835
communication 14, epoch 0: client-2 0.020045349502871776
communication 14, epoch 0: client-3 0.023086066047350567
communication 14, epoch 0: client-4 0.024580065959266255
communication 14, epoch 0: client-5 0.022788140301903088
Round 015/20 | val_loss: 1.5015 | val_acc: 0.5298 | val_macro_f1: 0.3204 | non_finite_batches: 0
communication 15, epoch 0: client-1 0.020122720026656202
communication 15, epoch 0: client-2 0.01877844426780939
communication 15, epoch 0: client-3 0.022146372562822175
communication 15, epoch 0: client-4 0.02249936169634263
communication 15, epoch 0: client-5 0.02135639584490231
Round 016/20 | val_loss: 1.4800 | val_acc: 0.5152 | val_macro_f1: 0.3137 | non_finite_batches: 0
communication 16, epoch 0: client-1 0.02002104150597006
communication 16, epoch 0: client-2 0.018393795886957966
communication 16, epoch 0: client-3 0.02197272481308097
communication 16, epoch 0: client-4 0.022372917582591374
communication 16, epoch 0: client-5 0.02179160238140159
Round 017/20 | val_loss: 1.4364 | val_acc: 0.5496 | val_macro_f1: 0.3735 | non_finite_batches: 0
communication 17, epoch 0: client-1 0.019407290822038285
communication 17, epoch 0: client-2 0.017931052527966954
communication 17, epoch 0: client-3 0.021677242372842395
communication 17, epoch 0: client-4 0.02255069340268771
communication 17, epoch 0: client-5 0.020656160723704558
Round 018/20 | val_loss: 1.4196 | val_acc: 0.5280 | val_macro_f1: 0.3474 | non_finite_batches: 0
communication 18, epoch 0: client-1 0.018572985733810225
communication 18, epoch 0: client-2 0.017332735678388014
communication 18, epoch 0: client-3 0.021377859450876713
communication 18, epoch 0: client-4 0.02084249642211944
communication 18, epoch 0: client-5 0.020406090152951386
Round 019/20 | val_loss: 1.3821 | val_acc: 0.5245 | val_macro_f1: 0.3572 | non_finite_batches: 0
communication 19, epoch 0: client-1 0.019557221326977015
communication 19, epoch 0: client-2 0.016703096138579506
communication 19, epoch 0: client-3 0.021480320021510124
communication 19, epoch 0: client-4 0.02060135928913951
communication 19, epoch 0: client-5 0.0192259531468153
Round 020/20 | val_loss: 1.3389 | val_acc: 0.5502 | val_macro_f1: 0.3949 | non_finite_batches: 0

Final test evaluation:
Best round: 20
Best validation loss: 1.3389
Test loss: 1.3500
Test accuracy: 0.5446
Test macro-F1: 0.3791
Test non-finite batches: 0
DP epsilon: 510.1266311038503
DP delta: 1e-05
DP sampling rate: 1.0
Privacy accountant: AIJack GeneralMomentAccountant
Test F1 class 0: 0.0000 (basophil)
Test F1 class 1: 0.5621 (eosinophil)
Test F1 class 2: 0.4008 (erythroblast)
Test F1 class 3: 0.4731 (immature granulocytes(myelocytes, metamyelocytes and promyelocytes))
Test F1 class 4: 0.0163 (lymphocyte)
Test F1 class 5: 0.0000 (monocyte)
Test F1 class 6: 0.6789 (neutrophil)
Test F1 class 7: 0.9012 (platelet)

Saved config to: results/day1fix_blood_alpha1_sigma0p2_seed44/config.yaml
Saved history to: results/day1fix_blood_alpha1_sigma0p2_seed44/history.csv
Saved test metrics to: results/day1fix_blood_alpha1_sigma0p2_seed44/test_metrics.csv
Saved client distributions to: results/day1fix_blood_alpha1_sigma0p2_seed44/client_distributions.csv
Saved final model to: results/day1fix_blood_alpha1_sigma0p2_seed44/final_model.pt
Saved confusion matrix to: results/day1fix_blood_alpha1_sigma0p2_seed44/confusion_matrix.png
