Matplotlib is building the font cache; this may take a moment.
Using device: cpu
Starting AIJack FedAvg + DP BloodMNIST | clients=5, rounds=20, local_epochs=1, batch_size=64, lr=0.01, split=iid, alpha=0.5, optimizer=SGD, dp_enabled=False, clip_norm=1.0, noise_multiplier=0.0, dp_noise_std=None, effective_noise_multiplier=0.0, actual_noise_std=0.0, delta=1e-05
communication 0, epoch 0: client-1 0.032503225831283775
communication 0, epoch 0: client-2 0.03248628370937296
communication 0, epoch 0: client-3 0.032551022875667815
communication 0, epoch 0: client-4 0.032407107261511
communication 0, epoch 0: client-5 0.03254299610541586
Round 001/20 | val_loss: 2.0146 | val_acc: 0.1945 | val_macro_f1: 0.0407 | non_finite_batches: 0
communication 1, epoch 0: client-1 0.0315438154150411
communication 1, epoch 0: client-2 0.03154371967881818
communication 1, epoch 0: client-3 0.03161089167148373
communication 1, epoch 0: client-4 0.031338896888952986
communication 1, epoch 0: client-5 0.031675450625353804
Round 002/20 | val_loss: 1.9527 | val_acc: 0.1945 | val_macro_f1: 0.0407 | non_finite_batches: 0
communication 2, epoch 0: client-1 0.030547767777905417
communication 2, epoch 0: client-2 0.03051427689483732
communication 2, epoch 0: client-3 0.030656440999595618
communication 2, epoch 0: client-4 0.030254468072616933
communication 2, epoch 0: client-5 0.03077188324898369
Round 003/20 | val_loss: 1.8827 | val_acc: 0.4404 | val_macro_f1: 0.2466 | non_finite_batches: 0
communication 3, epoch 0: client-1 0.029189888848907573
communication 3, epoch 0: client-2 0.02906229698339035
communication 3, epoch 0: client-3 0.02920919776361523
communication 3, epoch 0: client-4 0.028763090338196642
communication 3, epoch 0: client-5 0.02935854319696494
Round 004/20 | val_loss: 1.7618 | val_acc: 0.5064 | val_macro_f1: 0.2988 | non_finite_batches: 0
communication 4, epoch 0: client-1 0.02699225662544021
communication 4, epoch 0: client-2 0.02664992347808187
communication 4, epoch 0: client-3 0.026920981431087124
communication 4, epoch 0: client-4 0.02638981259586819
communication 4, epoch 0: client-5 0.026903309766242115
Round 005/20 | val_loss: 1.5963 | val_acc: 0.3966 | val_macro_f1: 0.2234 | non_finite_batches: 0
communication 5, epoch 0: client-1 0.024467787615032897
communication 5, epoch 0: client-2 0.024151113220680517
communication 5, epoch 0: client-3 0.024301984487568654
communication 5, epoch 0: client-4 0.023920833167423772
communication 5, epoch 0: client-5 0.0244090512226636
Round 006/20 | val_loss: 1.4470 | val_acc: 0.4959 | val_macro_f1: 0.2919 | non_finite_batches: 0
communication 6, epoch 0: client-1 0.022623737171342143
communication 6, epoch 0: client-2 0.02223034188101523
communication 6, epoch 0: client-3 0.02230698363637446
communication 6, epoch 0: client-4 0.022109186619420514
communication 6, epoch 0: client-5 0.02247644851816992
Round 007/20 | val_loss: 1.3352 | val_acc: 0.5210 | val_macro_f1: 0.3239 | non_finite_batches: 0
communication 7, epoch 0: client-1 0.021131393502787203
communication 7, epoch 0: client-2 0.02101293405561543
communication 7, epoch 0: client-3 0.020981168717046247
communication 7, epoch 0: client-4 0.020860879716267156
communication 7, epoch 0: client-5 0.021248714787249084
Round 008/20 | val_loss: 1.2561 | val_acc: 0.5619 | val_macro_f1: 0.3915 | non_finite_batches: 0
communication 8, epoch 0: client-1 0.020539951713188835
communication 8, epoch 0: client-2 0.020122305804670455
communication 8, epoch 0: client-3 0.02059778705687826
communication 8, epoch 0: client-4 0.020021401619831455
communication 8, epoch 0: client-5 0.0203837674315232
Round 009/20 | val_loss: 1.2246 | val_acc: 0.5473 | val_macro_f1: 0.4438 | non_finite_batches: 0
communication 9, epoch 0: client-1 0.020016632899392806
communication 9, epoch 0: client-2 0.019291297996721937
communication 9, epoch 0: client-3 0.01988012625222222
communication 9, epoch 0: client-4 0.019463596061918647
communication 9, epoch 0: client-5 0.01995014575972611
Round 010/20 | val_loss: 1.1638 | val_acc: 0.5479 | val_macro_f1: 0.4168 | non_finite_batches: 0
communication 10, epoch 0: client-1 0.019637553488530444
communication 10, epoch 0: client-2 0.019308304308250198
communication 10, epoch 0: client-3 0.019883689025174015
communication 10, epoch 0: client-4 0.01945150062990029
communication 10, epoch 0: client-5 0.019441850960179884
Round 011/20 | val_loss: 1.1696 | val_acc: 0.5678 | val_macro_f1: 0.4789 | non_finite_batches: 0
communication 11, epoch 0: client-1 0.01987192705024445
communication 11, epoch 0: client-2 0.01907865125000676
communication 11, epoch 0: client-3 0.019586813838585564
communication 11, epoch 0: client-4 0.018942303482106695
communication 11, epoch 0: client-5 0.019109585054845103
Round 012/20 | val_loss: 1.1599 | val_acc: 0.5280 | val_macro_f1: 0.3920 | non_finite_batches: 0
communication 12, epoch 0: client-1 0.01891504512184041
communication 12, epoch 0: client-2 0.018432589428480653
communication 12, epoch 0: client-3 0.018969649405383746
communication 12, epoch 0: client-4 0.01820475996836372
communication 12, epoch 0: client-5 0.01862747636314019
Round 013/20 | val_loss: 1.1148 | val_acc: 0.5783 | val_macro_f1: 0.4944 | non_finite_batches: 0
communication 13, epoch 0: client-1 0.018629291583861795
communication 13, epoch 0: client-2 0.018010541647174288
communication 13, epoch 0: client-3 0.018123097643007003
communication 13, epoch 0: client-4 0.018293295217596966
communication 13, epoch 0: client-5 0.01832422007082497
Round 014/20 | val_loss: 1.0544 | val_acc: 0.6075 | val_macro_f1: 0.5137 | non_finite_batches: 0
communication 14, epoch 0: client-1 0.01810415771892637
communication 14, epoch 0: client-2 0.018069204802696522
communication 14, epoch 0: client-3 0.017638918249104733
communication 14, epoch 0: client-4 0.017774194802926933
communication 14, epoch 0: client-5 0.017705075539389898
Round 015/20 | val_loss: 1.0327 | val_acc: 0.6297 | val_macro_f1: 0.5129 | non_finite_batches: 0
communication 15, epoch 0: client-1 0.01827872412459906
communication 15, epoch 0: client-2 0.017486725662862974
communication 15, epoch 0: client-3 0.01785130280515422
communication 15, epoch 0: client-4 0.01742211353021322
communication 15, epoch 0: client-5 0.01765246904330092
Round 016/20 | val_loss: 1.0715 | val_acc: 0.5824 | val_macro_f1: 0.4920 | non_finite_batches: 0
communication 16, epoch 0: client-1 0.017438162853287215
communication 16, epoch 0: client-2 0.016804604376837562
communication 16, epoch 0: client-3 0.01734865820627149
communication 16, epoch 0: client-4 0.016610950530572082
communication 16, epoch 0: client-5 0.017881980429928158
Round 017/20 | val_loss: 0.9782 | val_acc: 0.6583 | val_macro_f1: 0.5759 | non_finite_batches: 0
communication 17, epoch 0: client-1 0.016762339002312623
communication 17, epoch 0: client-2 0.016525121013257017
communication 17, epoch 0: client-3 0.016715432987563984
communication 17, epoch 0: client-4 0.016314272323380345
communication 17, epoch 0: client-5 0.01752808648938666
Round 018/20 | val_loss: 0.9974 | val_acc: 0.6145 | val_macro_f1: 0.5379 | non_finite_batches: 0
communication 18, epoch 0: client-1 0.01670198416630161
communication 18, epoch 0: client-2 0.01652779078802536
communication 18, epoch 0: client-3 0.016904431815729492
communication 18, epoch 0: client-4 0.01605735636973461
communication 18, epoch 0: client-5 0.01600483579647586
Round 019/20 | val_loss: 0.9480 | val_acc: 0.6735 | val_macro_f1: 0.5479 | non_finite_batches: 0
communication 19, epoch 0: client-1 0.01647064660404837
communication 19, epoch 0: client-2 0.015675537960983837
communication 19, epoch 0: client-3 0.01674313287571521
communication 19, epoch 0: client-4 0.016181385885911642
communication 19, epoch 0: client-5 0.0159438055511899
Round 020/20 | val_loss: 0.9256 | val_acc: 0.6671 | val_macro_f1: 0.5865 | non_finite_batches: 0

Final test evaluation:
Best round: 20
Best validation loss: 0.9256
Test loss: 0.9393
Test accuracy: 0.6659
Test macro-F1: 0.5787
Test non-finite batches: 0
DP epsilon: None
DP delta: 1e-05
DP sampling rate: 1.0
Privacy accountant: AIJack GeneralMomentAccountant
Test F1 class 0: 0.0321 (basophil)
Test F1 class 1: 0.7068 (eosinophil)
Test F1 class 2: 0.6272 (erythroblast)
Test F1 class 3: 0.5285 (immature granulocytes(myelocytes, metamyelocytes and promyelocytes))
Test F1 class 4: 0.6702 (lymphocyte)
Test F1 class 5: 0.3175 (monocyte)
Test F1 class 6: 0.7995 (neutrophil)
Test F1 class 7: 0.9478 (platelet)

Saved config to: results/day1fix_blood_iid_sigma0p0_seed42/config.yaml
Saved history to: results/day1fix_blood_iid_sigma0p0_seed42/history.csv
Saved test metrics to: results/day1fix_blood_iid_sigma0p0_seed42/test_metrics.csv
Saved client distributions to: results/day1fix_blood_iid_sigma0p0_seed42/client_distributions.csv
Saved final model to: results/day1fix_blood_iid_sigma0p0_seed42/final_model.pt
Saved confusion matrix to: results/day1fix_blood_iid_sigma0p0_seed42/confusion_matrix.png
