Using device: cpu
Starting AIJack FedAvg + DP BloodMNIST | clients=5, rounds=20, local_epochs=1, batch_size=64, lr=0.01, split=iid, alpha=0.5, optimizer=SGD, dp_enabled=True, clip_norm=1.0, noise_multiplier=0.5, dp_noise_std=None, effective_noise_multiplier=0.5, actual_noise_std=0.5, delta=1e-05
communication 0, epoch 0: client-1 0.032131764645639216
communication 0, epoch 0: client-2 0.03180194221436977
communication 0, epoch 0: client-3 0.032151909172534944
communication 0, epoch 0: client-4 0.03225345690460766
communication 0, epoch 0: client-5 0.03234807215631008
Round 001/20 | val_loss: 2.0473 | val_acc: 0.1951 | val_macro_f1: 0.0416 | non_finite_batches: 0
communication 1, epoch 0: client-1 0.03142100425126652
communication 1, epoch 0: client-2 0.031616677929248126
communication 1, epoch 0: client-3 0.03193546326032707
communication 1, epoch 0: client-4 0.03126277355477214
communication 1, epoch 0: client-5 0.0316226292578947
Round 002/20 | val_loss: 2.0128 | val_acc: 0.1945 | val_macro_f1: 0.0407 | non_finite_batches: 0
communication 2, epoch 0: client-1 0.03133651143626163
communication 2, epoch 0: client-2 0.03131398358024084
communication 2, epoch 0: client-3 0.031162465789488385
communication 2, epoch 0: client-4 0.030768954505523045
communication 2, epoch 0: client-5 0.03127621055433625
Round 003/20 | val_loss: 1.9863 | val_acc: 0.1968 | val_macro_f1: 0.0467 | non_finite_batches: 0
communication 3, epoch 0: client-1 0.030918497033417223
communication 3, epoch 0: client-2 0.030578735284507275
communication 3, epoch 0: client-3 0.03080650754272938
communication 3, epoch 0: client-4 0.030980862348395234
communication 3, epoch 0: client-5 0.031105024401437153
Round 004/20 | val_loss: 1.9730 | val_acc: 0.2027 | val_macro_f1: 0.0543 | non_finite_batches: 0
communication 4, epoch 0: client-1 0.030749548664864373
communication 4, epoch 0: client-2 0.030368528980761766
communication 4, epoch 0: client-3 0.030803624913096427
communication 4, epoch 0: client-4 0.030256475806236267
communication 4, epoch 0: client-5 0.030879968875332883
Round 005/20 | val_loss: 1.9357 | val_acc: 0.2114 | val_macro_f1: 0.0963 | non_finite_batches: 0
communication 5, epoch 0: client-1 0.03040688704041874
communication 5, epoch 0: client-2 0.02945764580120643
communication 5, epoch 0: client-3 0.0298823117363182
communication 5, epoch 0: client-4 0.030413285236467014
communication 5, epoch 0: client-5 0.03060736134648323
Round 006/20 | val_loss: 1.8861 | val_acc: 0.2769 | val_macro_f1: 0.1504 | non_finite_batches: 0
communication 6, epoch 0: client-1 0.029040298277610226
communication 6, epoch 0: client-2 0.029500960911575117
communication 6, epoch 0: client-3 0.029638694437301678
communication 6, epoch 0: client-4 0.029153765914471524
communication 6, epoch 0: client-5 0.029728014465598834
Round 007/20 | val_loss: 1.8405 | val_acc: 0.3814 | val_macro_f1: 0.2042 | non_finite_batches: 0
communication 7, epoch 0: client-1 0.028947304520342085
communication 7, epoch 0: client-2 0.028678691532048915
communication 7, epoch 0: client-3 0.0283221997320652
communication 7, epoch 0: client-4 0.02879700645804405
communication 7, epoch 0: client-5 0.02912102283343025
Round 008/20 | val_loss: 1.7961 | val_acc: 0.4013 | val_macro_f1: 0.2225 | non_finite_batches: 0
communication 8, epoch 0: client-1 0.028244301144565855
communication 8, epoch 0: client-2 0.028330622579563747
communication 8, epoch 0: client-3 0.027716201005710497
communication 8, epoch 0: client-4 0.02748283199392832
communication 8, epoch 0: client-5 0.02828410022745007
Round 009/20 | val_loss: 1.7424 | val_acc: 0.3879 | val_macro_f1: 0.2295 | non_finite_batches: 0
communication 9, epoch 0: client-1 0.02734782570041716
communication 9, epoch 0: client-2 0.028440936110340632
communication 9, epoch 0: client-3 0.027768816976320176
communication 9, epoch 0: client-4 0.02730114571750164
communication 9, epoch 0: client-5 0.027413176372647285
Round 010/20 | val_loss: 1.7042 | val_acc: 0.4398 | val_macro_f1: 0.2608 | non_finite_batches: 0
communication 10, epoch 0: client-1 0.027510737911576315
communication 10, epoch 0: client-2 0.026743230968713762
communication 10, epoch 0: client-3 0.02704522654414177
communication 10, epoch 0: client-4 0.026593475319121197
communication 10, epoch 0: client-5 0.027295247611144314
Round 011/20 | val_loss: 1.6699 | val_acc: 0.4504 | val_macro_f1: 0.2754 | non_finite_batches: 0
communication 11, epoch 0: client-1 0.025928333147682926
communication 11, epoch 0: client-2 0.02557508461177349
communication 11, epoch 0: client-3 0.025686698872596024
communication 11, epoch 0: client-4 0.026382336299866437
communication 11, epoch 0: client-5 0.026666005387117987
Round 012/20 | val_loss: 1.6147 | val_acc: 0.3937 | val_macro_f1: 0.2190 | non_finite_batches: 0
communication 12, epoch 0: client-1 0.02609828722320105
communication 12, epoch 0: client-2 0.02561243606561964
communication 12, epoch 0: client-3 0.02581011452194717
communication 12, epoch 0: client-4 0.024566264409157965
communication 12, epoch 0: client-5 0.02619783324189484
Round 013/20 | val_loss: 1.5747 | val_acc: 0.4498 | val_macro_f1: 0.2798 | non_finite_batches: 0
communication 13, epoch 0: client-1 0.025218027457594872
communication 13, epoch 0: client-2 0.02538125256174489
communication 13, epoch 0: client-3 0.02490774169564247
communication 13, epoch 0: client-4 0.025230663621591196
communication 13, epoch 0: client-5 0.02636366505175829
Round 014/20 | val_loss: 1.5652 | val_acc: 0.4690 | val_macro_f1: 0.3469 | non_finite_batches: 0
communication 14, epoch 0: client-1 0.02531577358022332
communication 14, epoch 0: client-2 0.024386247516506247
communication 14, epoch 0: client-3 0.024623019032572444
communication 14, epoch 0: client-4 0.025186446152235333
communication 14, epoch 0: client-5 0.025228469499519894
Round 015/20 | val_loss: 1.5466 | val_acc: 0.3762 | val_macro_f1: 0.2484 | non_finite_batches: 0
communication 15, epoch 0: client-1 0.02455416666343808
communication 15, epoch 0: client-2 0.024050485431438402
communication 15, epoch 0: client-3 0.024213506300982676
communication 15, epoch 0: client-4 0.024229398352049646
communication 15, epoch 0: client-5 0.024469786526068397
Round 016/20 | val_loss: 1.4789 | val_acc: 0.5088 | val_macro_f1: 0.3828 | non_finite_batches: 0
communication 16, epoch 0: client-1 0.02338755156167529
communication 16, epoch 0: client-2 0.023474948088589468
communication 16, epoch 0: client-3 0.023450367670092318
communication 16, epoch 0: client-4 0.023824800590151234
communication 16, epoch 0: client-5 0.02334775892086327
Round 017/20 | val_loss: 1.4508 | val_acc: 0.5088 | val_macro_f1: 0.3627 | non_finite_batches: 0
communication 17, epoch 0: client-1 0.023591438896561925
communication 17, epoch 0: client-2 0.02374945806437417
communication 17, epoch 0: client-3 0.02415689192712307
communication 17, epoch 0: client-4 0.023046161541167426
communication 17, epoch 0: client-5 0.02364249248057604
Round 018/20 | val_loss: 1.4488 | val_acc: 0.5064 | val_macro_f1: 0.3852 | non_finite_batches: 0
communication 18, epoch 0: client-1 0.02390689216554165
communication 18, epoch 0: client-2 0.023150293075520058
communication 18, epoch 0: client-3 0.02353211829904467
communication 18, epoch 0: client-4 0.022733916963140168
communication 18, epoch 0: client-5 0.023015668895095587
Round 019/20 | val_loss: 1.4333 | val_acc: 0.4755 | val_macro_f1: 0.3291 | non_finite_batches: 0
communication 19, epoch 0: client-1 0.023500912098420992
communication 19, epoch 0: client-2 0.02369770771739158
communication 19, epoch 0: client-3 0.024528557620942592
communication 19, epoch 0: client-4 0.023341873195022345
communication 19, epoch 0: client-5 0.02368036669989427
Round 020/20 | val_loss: 1.3936 | val_acc: 0.5041 | val_macro_f1: 0.3917 | non_finite_batches: 0

Final test evaluation:
Best round: 20
Best validation loss: 1.3936
Test loss: 1.3965
Test accuracy: 0.5004
Test macro-F1: 0.3909
Test non-finite batches: 0
DP epsilon: 90.12663110385034
DP delta: 1e-05
DP sampling rate: 1.0
Privacy accountant: AIJack GeneralMomentAccountant
Test F1 class 0: 0.0000 (basophil)
Test F1 class 1: 0.4483 (eosinophil)
Test F1 class 2: 0.3381 (erythroblast)
Test F1 class 3: 0.2626 (immature granulocytes(myelocytes, metamyelocytes and promyelocytes))
Test F1 class 4: 0.4865 (lymphocyte)
Test F1 class 5: 0.0000 (monocyte)
Test F1 class 6: 0.6897 (neutrophil)
Test F1 class 7: 0.9018 (platelet)

Saved config to: results/day1fix_blood_iid_sigma0p5_seed42/config.yaml
Saved history to: results/day1fix_blood_iid_sigma0p5_seed42/history.csv
Saved test metrics to: results/day1fix_blood_iid_sigma0p5_seed42/test_metrics.csv
Saved client distributions to: results/day1fix_blood_iid_sigma0p5_seed42/client_distributions.csv
Saved final model to: results/day1fix_blood_iid_sigma0p5_seed42/final_model.pt
Saved confusion matrix to: results/day1fix_blood_iid_sigma0p5_seed42/confusion_matrix.png
