Using device: cpu
Starting AIJack FedAvg + DP BloodMNIST | clients=5, rounds=20, local_epochs=1, batch_size=64, lr=0.01, split=dirichlet, alpha=1.0, optimizer=SGD, dp_enabled=True, clip_norm=1.0, noise_multiplier=0.5, dp_noise_std=None, effective_noise_multiplier=0.5, actual_noise_std=0.5, delta=1e-05
communication 0, epoch 0: client-1 0.029381298363722604
communication 0, epoch 0: client-2 0.03224301231758935
communication 0, epoch 0: client-3 0.03137354056040446
communication 0, epoch 0: client-4 0.03076991209617028
communication 0, epoch 0: client-5 0.03154312400147319
Round 001/20 | val_loss: 2.0419 | val_acc: 0.1945 | val_macro_f1: 0.0417 | non_finite_batches: 0
communication 1, epoch 0: client-1 0.027743680899341903
communication 1, epoch 0: client-2 0.03195867252846559
communication 1, epoch 0: client-3 0.03099149527649085
communication 1, epoch 0: client-4 0.02964981769522031
communication 1, epoch 0: client-5 0.0293454859405756
Round 002/20 | val_loss: 1.9965 | val_acc: 0.1992 | val_macro_f1: 0.0499 | non_finite_batches: 0
communication 2, epoch 0: client-1 0.026576916620667492
communication 2, epoch 0: client-2 0.03251842585833449
communication 2, epoch 0: client-3 0.029119464413573343
communication 2, epoch 0: client-4 0.02956382396320502
communication 2, epoch 0: client-5 0.027337045275739262
Round 003/20 | val_loss: 1.9807 | val_acc: 0.2004 | val_macro_f1: 0.0497 | non_finite_batches: 0
communication 3, epoch 0: client-1 0.02468997026410173
communication 3, epoch 0: client-2 0.03153731720522046
communication 3, epoch 0: client-3 0.029693383233327614
communication 3, epoch 0: client-4 0.02965601214340755
communication 3, epoch 0: client-5 0.026135127805173398
Round 004/20 | val_loss: 1.9423 | val_acc: 0.2798 | val_macro_f1: 0.1392 | non_finite_batches: 0
communication 4, epoch 0: client-1 0.02376131540923207
communication 4, epoch 0: client-2 0.03123613302078512
communication 4, epoch 0: client-3 0.027495989948511122
communication 4, epoch 0: client-4 0.02889567106548283
communication 4, epoch 0: client-5 0.027085759592327206
Round 005/20 | val_loss: 1.9255 | val_acc: 0.2845 | val_macro_f1: 0.1556 | non_finite_batches: 0
communication 5, epoch 0: client-1 0.023628836441220658
communication 5, epoch 0: client-2 0.030245265090151838
communication 5, epoch 0: client-3 0.02748668837276372
communication 5, epoch 0: client-4 0.02899357257410884
communication 5, epoch 0: client-5 0.027456979666437422
Round 006/20 | val_loss: 1.8705 | val_acc: 0.3919 | val_macro_f1: 0.2241 | non_finite_batches: 0
communication 6, epoch 0: client-1 0.023266941184798877
communication 6, epoch 0: client-2 0.030601548460813668
communication 6, epoch 0: client-3 0.026244185374755608
communication 6, epoch 0: client-4 0.028379824943840504
communication 6, epoch 0: client-5 0.02610121439728472
Round 007/20 | val_loss: 1.8325 | val_acc: 0.3551 | val_macro_f1: 0.2011 | non_finite_batches: 0
communication 7, epoch 0: client-1 0.02242421593156553
communication 7, epoch 0: client-2 0.030495173763483763
communication 7, epoch 0: client-3 0.027560408506542445
communication 7, epoch 0: client-4 0.027091719210147858
communication 7, epoch 0: client-5 0.02598994517964976
Round 008/20 | val_loss: 1.8484 | val_acc: 0.3178 | val_macro_f1: 0.1674 | non_finite_batches: 0
communication 8, epoch 0: client-1 0.020652618983553514
communication 8, epoch 0: client-2 0.029972978215664626
communication 8, epoch 0: client-3 0.025042891788941164
communication 8, epoch 0: client-4 0.02836084895228085
communication 8, epoch 0: client-5 0.02640378971894582
Round 009/20 | val_loss: 1.8105 | val_acc: 0.3242 | val_macro_f1: 0.1878 | non_finite_batches: 0
communication 9, epoch 0: client-1 0.02086644024691648
communication 9, epoch 0: client-2 0.029653992969542742
communication 9, epoch 0: client-3 0.02482313990947746
communication 9, epoch 0: client-4 0.027364520465626437
communication 9, epoch 0: client-5 0.02498430758714676
Round 010/20 | val_loss: 1.7670 | val_acc: 0.3470 | val_macro_f1: 0.2031 | non_finite_batches: 0
communication 10, epoch 0: client-1 0.019732183311134577
communication 10, epoch 0: client-2 0.02886976520804798
communication 10, epoch 0: client-3 0.024042129678570705
communication 10, epoch 0: client-4 0.02751888959285091
communication 10, epoch 0: client-5 0.021724422377618877
Round 011/20 | val_loss: 1.7905 | val_acc: 0.3230 | val_macro_f1: 0.1903 | non_finite_batches: 0
communication 11, epoch 0: client-1 0.01921310561010614
communication 11, epoch 0: client-2 0.028249120526015758
communication 11, epoch 0: client-3 0.023710640668869017
communication 11, epoch 0: client-4 0.02795275268347367
communication 11, epoch 0: client-5 0.023730839136987925
Round 012/20 | val_loss: 1.8192 | val_acc: 0.3043 | val_macro_f1: 0.1605 | non_finite_batches: 0
communication 12, epoch 0: client-1 0.018378248511764565
communication 12, epoch 0: client-2 0.0285105597885216
communication 12, epoch 0: client-3 0.025702459060332992
communication 12, epoch 0: client-4 0.027730014031896226
communication 12, epoch 0: client-5 0.026118591161710874
Round 013/20 | val_loss: 1.7002 | val_acc: 0.3873 | val_macro_f1: 0.2738 | non_finite_batches: 0
communication 13, epoch 0: client-1 0.018347168123970428
communication 13, epoch 0: client-2 0.028566219119562045
communication 13, epoch 0: client-3 0.024092255082602303
communication 13, epoch 0: client-4 0.025438940152525902
communication 13, epoch 0: client-5 0.02355853281915188
Round 014/20 | val_loss: 1.6640 | val_acc: 0.4246 | val_macro_f1: 0.3059 | non_finite_batches: 0
communication 14, epoch 0: client-1 0.018185382777893985
communication 14, epoch 0: client-2 0.02789820022881031
communication 14, epoch 0: client-3 0.027845610227239758
communication 14, epoch 0: client-4 0.026378831391533217
communication 14, epoch 0: client-5 0.02310999669134617
Round 015/20 | val_loss: 1.7054 | val_acc: 0.3452 | val_macro_f1: 0.2166 | non_finite_batches: 0
communication 15, epoch 0: client-1 0.018689942402908437
communication 15, epoch 0: client-2 0.026302858721464872
communication 15, epoch 0: client-3 0.02463821184478308
communication 15, epoch 0: client-4 0.024787962984512833
communication 15, epoch 0: client-5 0.023100145161151886
Round 016/20 | val_loss: 1.6473 | val_acc: 0.4106 | val_macro_f1: 0.3021 | non_finite_batches: 0
communication 16, epoch 0: client-1 0.01763911752237214
communication 16, epoch 0: client-2 0.026573866119851238
communication 16, epoch 0: client-3 0.023356837389821358
communication 16, epoch 0: client-4 0.023929932713508607
communication 16, epoch 0: client-5 0.024220646951686253
Round 017/20 | val_loss: 1.6060 | val_acc: 0.3902 | val_macro_f1: 0.2800 | non_finite_batches: 0
communication 17, epoch 0: client-1 0.016332171757572463
communication 17, epoch 0: client-2 0.02613001586869359
communication 17, epoch 0: client-3 0.024936814159154892
communication 17, epoch 0: client-4 0.023323395871557295
communication 17, epoch 0: client-5 0.024613755030764475
Round 018/20 | val_loss: 1.6020 | val_acc: 0.3984 | val_macro_f1: 0.2806 | non_finite_batches: 0
communication 18, epoch 0: client-1 0.017002691105008124
communication 18, epoch 0: client-2 0.02830175750634887
communication 18, epoch 0: client-3 0.024783305557710782
communication 18, epoch 0: client-4 0.024075656621293587
communication 18, epoch 0: client-5 0.0224246500680844
Round 019/20 | val_loss: 1.5403 | val_acc: 0.4293 | val_macro_f1: 0.3123 | non_finite_batches: 0
communication 19, epoch 0: client-1 0.015998685455604178
communication 19, epoch 0: client-2 0.025379504131920198
communication 19, epoch 0: client-3 0.025250579066136303
communication 19, epoch 0: client-4 0.023107354529201984
communication 19, epoch 0: client-5 0.02193844939271609
Round 020/20 | val_loss: 1.5595 | val_acc: 0.4118 | val_macro_f1: 0.2918 | non_finite_batches: 0

Final test evaluation:
Best round: 19
Best validation loss: 1.5403
Test loss: 1.5444
Test accuracy: 0.4294
Test macro-F1: 0.3022
Test non-finite batches: 0
DP epsilon: 90.12663110385034
DP delta: 1e-05
DP sampling rate: 1.0
Privacy accountant: AIJack GeneralMomentAccountant
Test F1 class 0: 0.0000 (basophil)
Test F1 class 1: 0.3488 (eosinophil)
Test F1 class 2: 0.3173 (erythroblast)
Test F1 class 3: 0.4146 (immature granulocytes(myelocytes, metamyelocytes and promyelocytes))
Test F1 class 4: 0.0081 (lymphocyte)
Test F1 class 5: 0.0070 (monocyte)
Test F1 class 6: 0.4700 (neutrophil)
Test F1 class 7: 0.8522 (platelet)

Saved config to: results/day1fix_blood_alpha1_sigma0p5_seed42/config.yaml
Saved history to: results/day1fix_blood_alpha1_sigma0p5_seed42/history.csv
Saved test metrics to: results/day1fix_blood_alpha1_sigma0p5_seed42/test_metrics.csv
Saved client distributions to: results/day1fix_blood_alpha1_sigma0p5_seed42/client_distributions.csv
Saved final model to: results/day1fix_blood_alpha1_sigma0p5_seed42/final_model.pt
Saved confusion matrix to: results/day1fix_blood_alpha1_sigma0p5_seed42/confusion_matrix.png
