Using device: cpu
Starting AIJack FedAvg + DP BloodMNIST | clients=5, rounds=20, local_epochs=1, batch_size=64, lr=0.01, split=iid, alpha=0.5, optimizer=SGD, dp_enabled=False, clip_norm=1.0, noise_multiplier=0.0, dp_noise_std=None, effective_noise_multiplier=0.0, actual_noise_std=0.0, delta=1e-05
communication 0, epoch 0: client-1 0.03280087129328163
communication 0, epoch 0: client-2 0.03273005160599648
communication 0, epoch 0: client-3 0.03273806643725239
communication 0, epoch 0: client-4 0.032723157302193016
communication 0, epoch 0: client-5 0.032720163146704624
Round 001/20 | val_loss: 2.0423 | val_acc: 0.2208 | val_macro_f1: 0.0726 | non_finite_batches: 0
communication 1, epoch 0: client-1 0.032214547678778405
communication 1, epoch 0: client-2 0.03212170262998562
communication 1, epoch 0: client-3 0.03212492352345317
communication 1, epoch 0: client-4 0.03206784161038223
communication 1, epoch 0: client-5 0.03205597156363519
Round 002/20 | val_loss: 1.9997 | val_acc: 0.1945 | val_macro_f1: 0.0409 | non_finite_batches: 0
communication 2, epoch 0: client-1 0.03160486651902215
communication 2, epoch 0: client-2 0.03139481357108789
communication 2, epoch 0: client-3 0.0314532867741824
communication 2, epoch 0: client-4 0.03136898098781356
communication 2, epoch 0: client-5 0.03127442150123944
Round 003/20 | val_loss: 1.9557 | val_acc: 0.2558 | val_macro_f1: 0.0900 | non_finite_batches: 0
communication 3, epoch 0: client-1 0.030926848484520927
communication 3, epoch 0: client-2 0.030675726241890005
communication 3, epoch 0: client-3 0.030716602768387682
communication 3, epoch 0: client-4 0.03062935188462503
communication 3, epoch 0: client-5 0.030468075158754587
Round 004/20 | val_loss: 1.9051 | val_acc: 0.2249 | val_macro_f1: 0.0737 | non_finite_batches: 0
communication 4, epoch 0: client-1 0.029940206121441514
communication 4, epoch 0: client-2 0.029593101213608298
communication 4, epoch 0: client-3 0.0296978181520832
communication 4, epoch 0: client-4 0.02965265896208709
communication 4, epoch 0: client-5 0.029249860222296753
Round 005/20 | val_loss: 1.8173 | val_acc: 0.5088 | val_macro_f1: 0.3195 | non_finite_batches: 0
communication 5, epoch 0: client-1 0.02816292563808403
communication 5, epoch 0: client-2 0.02779959580770703
communication 5, epoch 0: client-3 0.027969929635724096
communication 5, epoch 0: client-4 0.02795235194689454
communication 5, epoch 0: client-5 0.027296623491632643
Round 006/20 | val_loss: 1.6758 | val_acc: 0.5257 | val_macro_f1: 0.3277 | non_finite_batches: 0
communication 6, epoch 0: client-1 0.025750131162512662
communication 6, epoch 0: client-2 0.025238514793756415
communication 6, epoch 0: client-3 0.025500582512405803
communication 6, epoch 0: client-4 0.02552007876311656
communication 6, epoch 0: client-5 0.024779965018986758
Round 007/20 | val_loss: 1.5167 | val_acc: 0.5076 | val_macro_f1: 0.3147 | non_finite_batches: 0
communication 7, epoch 0: client-1 0.023377599923507027
communication 7, epoch 0: client-2 0.022920681132520722
communication 7, epoch 0: client-3 0.02315781746420972
communication 7, epoch 0: client-4 0.023171969131881177
communication 7, epoch 0: client-5 0.02242201519331539
Round 008/20 | val_loss: 1.3826 | val_acc: 0.5315 | val_macro_f1: 0.3292 | non_finite_batches: 0
communication 8, epoch 0: client-1 0.02156213997399129
communication 8, epoch 0: client-2 0.02112012045040577
communication 8, epoch 0: client-3 0.021423652419278454
communication 8, epoch 0: client-4 0.021312986927287635
communication 8, epoch 0: client-5 0.020572699995930352
Round 009/20 | val_loss: 1.2811 | val_acc: 0.5578 | val_macro_f1: 0.4160 | non_finite_batches: 0
communication 9, epoch 0: client-1 0.020030252112194048
communication 9, epoch 0: client-2 0.019633930612567276
communication 9, epoch 0: client-3 0.020127240232001978
communication 9, epoch 0: client-4 0.01981228271056976
communication 9, epoch 0: client-5 0.019283232305998186
Round 010/20 | val_loss: 1.1934 | val_acc: 0.5678 | val_macro_f1: 0.4081 | non_finite_batches: 0
communication 10, epoch 0: client-1 0.0188577731317501
communication 10, epoch 0: client-2 0.018558885291667288
communication 10, epoch 0: client-3 0.018784626944607318
communication 10, epoch 0: client-4 0.018710891090109198
communication 10, epoch 0: client-5 0.018212992344277517
Round 011/20 | val_loss: 1.1234 | val_acc: 0.5718 | val_macro_f1: 0.4212 | non_finite_batches: 0
communication 11, epoch 0: client-1 0.018287008572182926
communication 11, epoch 0: client-2 0.01767235314068587
communication 11, epoch 0: client-3 0.018118201191210027
communication 11, epoch 0: client-4 0.01785588072594193
communication 11, epoch 0: client-5 0.017230462524393322
Round 012/20 | val_loss: 1.1949 | val_acc: 0.5327 | val_macro_f1: 0.4477 | non_finite_batches: 0
communication 12, epoch 0: client-1 0.01762772981937115
communication 12, epoch 0: client-2 0.01690076346381452
communication 12, epoch 0: client-3 0.01757234918034595
communication 12, epoch 0: client-4 0.017114617354096376
communication 12, epoch 0: client-5 0.01660156521723391
Round 013/20 | val_loss: 1.0569 | val_acc: 0.5917 | val_macro_f1: 0.4764 | non_finite_batches: 0
communication 13, epoch 0: client-1 0.01744209688443404
communication 13, epoch 0: client-2 0.016938139488266463
communication 13, epoch 0: client-3 0.01722749287767155
communication 13, epoch 0: client-4 0.01696240642796392
communication 13, epoch 0: client-5 0.016594116506293347
Round 014/20 | val_loss: 0.9698 | val_acc: 0.6782 | val_macro_f1: 0.6098 | non_finite_batches: 0
communication 14, epoch 0: client-1 0.016340220328358104
communication 14, epoch 0: client-2 0.01659741085707942
communication 14, epoch 0: client-3 0.016599489319882664
communication 14, epoch 0: client-4 0.016652121068442546
communication 14, epoch 0: client-5 0.01628895022289766
Round 015/20 | val_loss: 1.0032 | val_acc: 0.6174 | val_macro_f1: 0.5338 | non_finite_batches: 0
communication 15, epoch 0: client-1 0.016242690957509555
communication 15, epoch 0: client-2 0.016086022814978725
communication 15, epoch 0: client-3 0.01620326883916472
communication 15, epoch 0: client-4 0.01624871705686767
communication 15, epoch 0: client-5 0.015180119058169465
Round 016/20 | val_loss: 0.9569 | val_acc: 0.6478 | val_macro_f1: 0.5772 | non_finite_batches: 0
communication 16, epoch 0: client-1 0.015486026911631874
communication 16, epoch 0: client-2 0.015034369675810122
communication 16, epoch 0: client-3 0.01564974073681943
communication 16, epoch 0: client-4 0.016138751171903068
communication 16, epoch 0: client-5 0.015270502983102834
Round 017/20 | val_loss: 0.9350 | val_acc: 0.6495 | val_macro_f1: 0.5902 | non_finite_batches: 0
communication 17, epoch 0: client-1 0.014762767805502964
communication 17, epoch 0: client-2 0.014843259343136114
communication 17, epoch 0: client-3 0.016044705209126042
communication 17, epoch 0: client-4 0.01590492638656527
communication 17, epoch 0: client-5 0.01447609838508054
Round 018/20 | val_loss: 0.8882 | val_acc: 0.6857 | val_macro_f1: 0.6273 | non_finite_batches: 0
communication 18, epoch 0: client-1 0.015530116756424857
communication 18, epoch 0: client-2 0.01451566389272843
communication 18, epoch 0: client-3 0.015047970997250599
communication 18, epoch 0: client-4 0.01560646649387768
communication 18, epoch 0: client-5 0.014207295646531868
Round 019/20 | val_loss: 0.8790 | val_acc: 0.6805 | val_macro_f1: 0.6307 | non_finite_batches: 0
communication 19, epoch 0: client-1 0.014416549466924125
communication 19, epoch 0: client-2 0.014538576770386967
communication 19, epoch 0: client-3 0.015132906021282425
communication 19, epoch 0: client-4 0.014476506780820547
communication 19, epoch 0: client-5 0.014207899670180093
Round 020/20 | val_loss: 0.8251 | val_acc: 0.7220 | val_macro_f1: 0.6733 | non_finite_batches: 0

Final test evaluation:
Best round: 20
Best validation loss: 0.8251
Test loss: 0.8488
Test accuracy: 0.7205
Test macro-F1: 0.6646
Test non-finite batches: 0
DP epsilon: None
DP delta: 1e-05
DP sampling rate: 1.0
Privacy accountant: AIJack GeneralMomentAccountant
Test F1 class 0: 0.5234 (basophil)
Test F1 class 1: 0.7722 (eosinophil)
Test F1 class 2: 0.7443 (erythroblast)
Test F1 class 3: 0.5517 (immature granulocytes(myelocytes, metamyelocytes and promyelocytes))
Test F1 class 4: 0.7203 (lymphocyte)
Test F1 class 5: 0.1721 (monocyte)
Test F1 class 6: 0.8531 (neutrophil)
Test F1 class 7: 0.9800 (platelet)

Saved config to: results/day1fix_blood_iid_sigma0p0_seed44/config.yaml
Saved history to: results/day1fix_blood_iid_sigma0p0_seed44/history.csv
Saved test metrics to: results/day1fix_blood_iid_sigma0p0_seed44/test_metrics.csv
Saved client distributions to: results/day1fix_blood_iid_sigma0p0_seed44/client_distributions.csv
Saved final model to: results/day1fix_blood_iid_sigma0p0_seed44/final_model.pt
Saved confusion matrix to: results/day1fix_blood_iid_sigma0p0_seed44/confusion_matrix.png
