Using device: cpu
Starting AIJack FedAvg + DP BloodMNIST | clients=5, rounds=20, local_epochs=1, batch_size=64, lr=0.01, split=dirichlet, alpha=1.0, optimizer=SGD, dp_enabled=True, clip_norm=1.0, noise_multiplier=1.0, dp_noise_std=None, effective_noise_multiplier=1.0, actual_noise_std=1.0, delta=1e-05
communication 0, epoch 0: client-1 0.03141192307597712
communication 0, epoch 0: client-2 0.029814761022434515
communication 0, epoch 0: client-3 0.03152829798107797
communication 0, epoch 0: client-4 0.03131178537240395
communication 0, epoch 0: client-5 0.03180527242903526
Round 001/20 | val_loss: 2.0588 | val_acc: 0.1828 | val_macro_f1: 0.0512 | non_finite_batches: 0
communication 1, epoch 0: client-1 0.03440646827220917
communication 1, epoch 0: client-2 0.027790099438844307
communication 1, epoch 0: client-3 0.03200822350169931
communication 1, epoch 0: client-4 0.031516628626447454
communication 1, epoch 0: client-5 0.03308133679357442
Round 002/20 | val_loss: 2.0431 | val_acc: 0.2728 | val_macro_f1: 0.1601 | non_finite_batches: 0
communication 2, epoch 0: client-1 0.03190295899716707
communication 2, epoch 0: client-2 0.029660100800295672
communication 2, epoch 0: client-3 0.032184142308930554
communication 2, epoch 0: client-4 0.02972814968476693
communication 2, epoch 0: client-5 0.030264108379681905
Round 003/20 | val_loss: 2.0030 | val_acc: 0.2155 | val_macro_f1: 0.0874 | non_finite_batches: 0
communication 3, epoch 0: client-1 0.031251532232595816
communication 3, epoch 0: client-2 0.028269436773519185
communication 3, epoch 0: client-3 0.03048502719029784
communication 3, epoch 0: client-4 0.03073447598860814
communication 3, epoch 0: client-5 0.03458520913353333
Round 004/20 | val_loss: 1.9966 | val_acc: 0.2109 | val_macro_f1: 0.0974 | non_finite_batches: 0
communication 4, epoch 0: client-1 0.03421182226803568
communication 4, epoch 0: client-2 0.030352284891470786
communication 4, epoch 0: client-3 0.031739653941864766
communication 4, epoch 0: client-4 0.03223115224391222
communication 4, epoch 0: client-5 0.033831851867338024
Round 005/20 | val_loss: 1.9544 | val_acc: 0.2144 | val_macro_f1: 0.1146 | non_finite_batches: 0
communication 5, epoch 0: client-1 0.03575214169298609
communication 5, epoch 0: client-2 0.02713719505424562
communication 5, epoch 0: client-3 0.03267577714804146
communication 5, epoch 0: client-4 0.030566879164646652
communication 5, epoch 0: client-5 0.03220101574865671
Round 006/20 | val_loss: 1.9580 | val_acc: 0.2366 | val_macro_f1: 0.1362 | non_finite_batches: 0
communication 6, epoch 0: client-1 0.04601391335017979
communication 6, epoch 0: client-2 0.03196485430516045
communication 6, epoch 0: client-3 0.03132496486333283
communication 6, epoch 0: client-4 0.0375857318027152
communication 6, epoch 0: client-5 0.035592301686604814
Round 007/20 | val_loss: 2.0936 | val_acc: 0.2383 | val_macro_f1: 0.1094 | non_finite_batches: 0
communication 7, epoch 0: client-1 0.03275858339938251
communication 7, epoch 0: client-2 0.03479881056894859
communication 7, epoch 0: client-3 0.03323875926434994
communication 7, epoch 0: client-4 0.033553797441224255
communication 7, epoch 0: client-5 0.03561345115303993
Round 008/20 | val_loss: 2.1571 | val_acc: 0.2079 | val_macro_f1: 0.0848 | non_finite_batches: 0
communication 8, epoch 0: client-1 0.036841447332075665
communication 8, epoch 0: client-2 0.029734365035628162
communication 8, epoch 0: client-3 0.03807480406502019
communication 8, epoch 0: client-4 0.030263353884220124
communication 8, epoch 0: client-5 0.04223262791832288
Round 009/20 | val_loss: 2.1685 | val_acc: 0.2015 | val_macro_f1: 0.1326 | non_finite_batches: 0
communication 9, epoch 0: client-1 0.030185392126441002
communication 9, epoch 0: client-2 0.038359178679770435
communication 9, epoch 0: client-3 0.03991612605750561
communication 9, epoch 0: client-4 0.03418736276216805
communication 9, epoch 0: client-5 0.037899727848443115
Round 010/20 | val_loss: 2.3623 | val_acc: 0.2704 | val_macro_f1: 0.1593 | non_finite_batches: 0
communication 10, epoch 0: client-1 0.0374526349413726
communication 10, epoch 0: client-2 0.03709314428269863
communication 10, epoch 0: client-3 0.03349645681679249
communication 10, epoch 0: client-4 0.033757164143025875
communication 10, epoch 0: client-5 0.03752916547305444
Round 011/20 | val_loss: 2.2140 | val_acc: 0.2967 | val_macro_f1: 0.2305 | non_finite_batches: 0
communication 11, epoch 0: client-1 0.03736203831310073
communication 11, epoch 0: client-2 0.03614910707942077
communication 11, epoch 0: client-3 0.04208993539214134
communication 11, epoch 0: client-4 0.04251398438853877
communication 11, epoch 0: client-5 0.03680597158769767
Round 012/20 | val_loss: 2.7350 | val_acc: 0.2074 | val_macro_f1: 0.1087 | non_finite_batches: 0
communication 12, epoch 0: client-1 0.038484634721980375
communication 12, epoch 0: client-2 0.04473986036868559
communication 12, epoch 0: client-3 0.050578270107507706
communication 12, epoch 0: client-4 0.047844789922237396
communication 12, epoch 0: client-5 0.03570521576330066
Round 013/20 | val_loss: 2.4392 | val_acc: 0.1887 | val_macro_f1: 0.1525 | non_finite_batches: 0
communication 13, epoch 0: client-1 0.05234112753532827
communication 13, epoch 0: client-2 0.04469391217248307
communication 13, epoch 0: client-3 0.04016434880239623
communication 13, epoch 0: client-4 0.039189615907768406
communication 13, epoch 0: client-5 0.04595549844882705
Round 014/20 | val_loss: 2.5492 | val_acc: 0.2681 | val_macro_f1: 0.1944 | non_finite_batches: 0
communication 14, epoch 0: client-1 0.044413662826021515
communication 14, epoch 0: client-2 0.04352056324995797
communication 14, epoch 0: client-3 0.044300712334613
communication 14, epoch 0: client-4 0.039827096675123484
communication 14, epoch 0: client-5 0.03629188074005975
Round 015/20 | val_loss: 2.3566 | val_acc: 0.2582 | val_macro_f1: 0.2039 | non_finite_batches: 0
communication 15, epoch 0: client-1 0.03689103465723364
communication 15, epoch 0: client-2 0.043271015313538636
communication 15, epoch 0: client-3 0.043935893870451874
communication 15, epoch 0: client-4 0.03931323801063829
communication 15, epoch 0: client-5 0.04221066353576524
Round 016/20 | val_loss: 2.6112 | val_acc: 0.3405 | val_macro_f1: 0.2553 | non_finite_batches: 0
communication 16, epoch 0: client-1 0.036322059808298945
communication 16, epoch 0: client-2 0.047253269198778515
communication 16, epoch 0: client-3 0.05512640660717374
communication 16, epoch 0: client-4 0.042528304271399975
communication 16, epoch 0: client-5 0.043695494118664
Round 017/20 | val_loss: 2.5327 | val_acc: 0.3306 | val_macro_f1: 0.2540 | non_finite_batches: 0
communication 17, epoch 0: client-1 0.044627062403238736
communication 17, epoch 0: client-2 0.048350567885098006
communication 17, epoch 0: client-3 0.051740893327138
communication 17, epoch 0: client-4 0.05226404995967945
communication 17, epoch 0: client-5 0.04161255434155464
Round 018/20 | val_loss: 3.4829 | val_acc: 0.3230 | val_macro_f1: 0.2206 | non_finite_batches: 0
communication 18, epoch 0: client-1 0.03961544758395145
communication 18, epoch 0: client-2 0.05973642890652021
communication 18, epoch 0: client-3 0.06365222446620464
communication 18, epoch 0: client-4 0.054197376826778054
communication 18, epoch 0: client-5 0.05433306327232948
Round 019/20 | val_loss: 3.2429 | val_acc: 0.2728 | val_macro_f1: 0.2099 | non_finite_batches: 0
communication 19, epoch 0: client-1 0.06195875979028642
communication 19, epoch 0: client-2 0.053511870865310944
communication 19, epoch 0: client-3 0.06229929570108652
communication 19, epoch 0: client-4 0.05493804570287466
communication 19, epoch 0: client-5 0.042503110048445786
Round 020/20 | val_loss: 3.5026 | val_acc: 0.2961 | val_macro_f1: 0.2093 | non_finite_batches: 0

Final test evaluation:
Best round: 5
Best validation loss: 1.9544
Test loss: 1.9596
Test accuracy: 0.2090
Test macro-F1: 0.1120
Test non-finite batches: 0
DP epsilon: 30.12663110385034
DP delta: 1e-05
DP sampling rate: 1.0
Privacy accountant: AIJack GeneralMomentAccountant
Test F1 class 0: 0.0000 (basophil)
Test F1 class 1: 0.2874 (eosinophil)
Test F1 class 2: 0.0125 (erythroblast)
Test F1 class 3: 0.2535 (immature granulocytes(myelocytes, metamyelocytes and promyelocytes))
Test F1 class 4: 0.0000 (lymphocyte)
Test F1 class 5: 0.0000 (monocyte)
Test F1 class 6: 0.2615 (neutrophil)
Test F1 class 7: 0.0815 (platelet)

Saved config to: results/day1fix_blood_alpha1_sigma1p0_seed44/config.yaml
Saved history to: results/day1fix_blood_alpha1_sigma1p0_seed44/history.csv
Saved test metrics to: results/day1fix_blood_alpha1_sigma1p0_seed44/test_metrics.csv
Saved client distributions to: results/day1fix_blood_alpha1_sigma1p0_seed44/client_distributions.csv
Saved final model to: results/day1fix_blood_alpha1_sigma1p0_seed44/final_model.pt
Saved confusion matrix to: results/day1fix_blood_alpha1_sigma1p0_seed44/confusion_matrix.png
