Using device: cpu
Starting AIJack FedAvg + DP BloodMNIST | clients=5, rounds=20, local_epochs=1, batch_size=64, lr=0.01, split=dirichlet, alpha=1.0, optimizer=SGD, dp_enabled=True, clip_norm=1.0, noise_multiplier=1.0, dp_noise_std=None, effective_noise_multiplier=1.0, actual_noise_std=1.0, delta=1e-05
communication 0, epoch 0: client-1 0.03000639154222505
communication 0, epoch 0: client-2 0.032227729979370325
communication 0, epoch 0: client-3 0.02998835262325075
communication 0, epoch 0: client-4 0.03061949361402255
communication 0, epoch 0: client-5 0.03135198634117842
Round 001/20 | val_loss: 2.0408 | val_acc: 0.1945 | val_macro_f1: 0.0407 | non_finite_batches: 0
communication 1, epoch 0: client-1 0.030616657435894014
communication 1, epoch 0: client-2 0.03255142333606879
communication 1, epoch 0: client-3 0.03297672349782217
communication 1, epoch 0: client-4 0.029369416708747546
communication 1, epoch 0: client-5 0.027462303638458252
Round 002/20 | val_loss: 2.0634 | val_acc: 0.2722 | val_macro_f1: 0.1367 | non_finite_batches: 0
communication 2, epoch 0: client-1 0.032946230111909766
communication 2, epoch 0: client-2 0.036242856497043056
communication 2, epoch 0: client-3 0.03590404296604296
communication 2, epoch 0: client-4 0.03135238165656726
communication 2, epoch 0: client-5 0.02541234716773033
Round 003/20 | val_loss: 2.2103 | val_acc: 0.1945 | val_macro_f1: 0.0407 | non_finite_batches: 0
communication 3, epoch 0: client-1 0.02967360182939207
communication 3, epoch 0: client-2 0.04080529324710369
communication 3, epoch 0: client-3 0.04126285271424996
communication 3, epoch 0: client-4 0.032682979346386025
communication 3, epoch 0: client-5 0.025154831074178218
Round 004/20 | val_loss: 2.1028 | val_acc: 0.1600 | val_macro_f1: 0.0602 | non_finite_batches: 0
communication 4, epoch 0: client-1 0.02847469991279973
communication 4, epoch 0: client-2 0.034072786259154476
communication 4, epoch 0: client-3 0.03032843805849552
communication 4, epoch 0: client-4 0.031453093306885824
communication 4, epoch 0: client-5 0.029498247429728508
Round 005/20 | val_loss: 2.0707 | val_acc: 0.1799 | val_macro_f1: 0.0866 | non_finite_batches: 0
communication 5, epoch 0: client-1 0.03096919467277599
communication 5, epoch 0: client-2 0.03453765750715607
communication 5, epoch 0: client-3 0.03654818084429611
communication 5, epoch 0: client-4 0.03227427108213306
communication 5, epoch 0: client-5 0.03215900781963553
Round 006/20 | val_loss: 2.0688 | val_acc: 0.2278 | val_macro_f1: 0.0914 | non_finite_batches: 0
communication 6, epoch 0: client-1 0.045416987997790176
communication 6, epoch 0: client-2 0.03504698522962057
communication 6, epoch 0: client-3 0.031043554803258495
communication 6, epoch 0: client-4 0.035992655696140394
communication 6, epoch 0: client-5 0.030848479519287746
Round 007/20 | val_loss: 2.1155 | val_acc: 0.2739 | val_macro_f1: 0.1479 | non_finite_batches: 0
communication 7, epoch 0: client-1 0.03725905818564276
communication 7, epoch 0: client-2 0.03981783194467425
communication 7, epoch 0: client-3 0.034092975314706564
communication 7, epoch 0: client-4 0.03564776387065649
communication 7, epoch 0: client-5 0.030740912471498762
Round 008/20 | val_loss: 2.2792 | val_acc: 0.2938 | val_macro_f1: 0.1918 | non_finite_batches: 0
communication 8, epoch 0: client-1 0.03463548401163684
communication 8, epoch 0: client-2 0.04942148290574551
communication 8, epoch 0: client-3 0.03337676343149864
communication 8, epoch 0: client-4 0.04959661082217568
communication 8, epoch 0: client-5 0.03658505198028353
Round 009/20 | val_loss: 2.4110 | val_acc: 0.2453 | val_macro_f1: 0.1600 | non_finite_batches: 0
communication 9, epoch 0: client-1 0.046892868199696146
communication 9, epoch 0: client-2 0.05349837290123105
communication 9, epoch 0: client-3 0.03808641176493395
communication 9, epoch 0: client-4 0.036653433433350396
communication 9, epoch 0: client-5 0.039337454097611566
Round 010/20 | val_loss: 3.1473 | val_acc: 0.1799 | val_macro_f1: 0.0741 | non_finite_batches: 0
communication 10, epoch 0: client-1 0.0475761462520394
communication 10, epoch 0: client-2 0.04880478298839401
communication 10, epoch 0: client-3 0.03884844692504924
communication 10, epoch 0: client-4 0.05062561153489001
communication 10, epoch 0: client-5 0.027569979598576374
Round 011/20 | val_loss: 3.0361 | val_acc: 0.1466 | val_macro_f1: 0.0719 | non_finite_batches: 0
communication 11, epoch 0: client-1 0.041712870879564434
communication 11, epoch 0: client-2 0.057242431491613385
communication 11, epoch 0: client-3 0.037715845927596095
communication 11, epoch 0: client-4 0.06511414682735568
communication 11, epoch 0: client-5 0.03433880303055048
Round 012/20 | val_loss: 3.0840 | val_acc: 0.1419 | val_macro_f1: 0.0685 | non_finite_batches: 0
communication 12, epoch 0: client-1 0.03580383338818425
communication 12, epoch 0: client-2 0.05793678015470505
communication 12, epoch 0: client-3 0.0525945242155682
communication 12, epoch 0: client-4 0.05599071973791489
communication 12, epoch 0: client-5 0.03699449263513088
Round 013/20 | val_loss: 2.9611 | val_acc: 0.1355 | val_macro_f1: 0.0938 | non_finite_batches: 0
communication 13, epoch 0: client-1 0.040219220953683056
communication 13, epoch 0: client-2 0.07021678880684906
communication 13, epoch 0: client-3 0.04792848074187835
communication 13, epoch 0: client-4 0.05044681863749728
communication 13, epoch 0: client-5 0.03894329360789723
Round 014/20 | val_loss: 3.3458 | val_acc: 0.1869 | val_macro_f1: 0.1018 | non_finite_batches: 0
communication 14, epoch 0: client-1 0.04621289297938347
communication 14, epoch 0: client-2 0.0677446061745286
communication 14, epoch 0: client-3 0.07501558155605667
communication 14, epoch 0: client-4 0.06357737531264623
communication 14, epoch 0: client-5 0.05036588339135051
Round 015/20 | val_loss: 3.8867 | val_acc: 0.2687 | val_macro_f1: 0.1609 | non_finite_batches: 0
communication 15, epoch 0: client-1 0.056469920879373185
communication 15, epoch 0: client-2 0.06825761473737657
communication 15, epoch 0: client-3 0.07030554429480904
communication 15, epoch 0: client-4 0.05236620653201552
communication 15, epoch 0: client-5 0.05843195478831019
Round 016/20 | val_loss: 3.2720 | val_acc: 0.2658 | val_macro_f1: 0.1808 | non_finite_batches: 0
communication 16, epoch 0: client-1 0.04401121695560438
communication 16, epoch 0: client-2 0.05732589862916781
communication 16, epoch 0: client-3 0.053069011054255745
communication 16, epoch 0: client-4 0.05637358222156763
communication 16, epoch 0: client-5 0.07634263756600293
Round 017/20 | val_loss: 3.5461 | val_acc: 0.2401 | val_macro_f1: 0.1635 | non_finite_batches: 0
communication 17, epoch 0: client-1 0.04942480441448944
communication 17, epoch 0: client-2 0.0718180026859045
communication 17, epoch 0: client-3 0.0659006105363369
communication 17, epoch 0: client-4 0.060964662581682205
communication 17, epoch 0: client-5 0.06564917746517393
Round 018/20 | val_loss: 4.2783 | val_acc: 0.2938 | val_macro_f1: 0.1901 | non_finite_batches: 0
communication 18, epoch 0: client-1 0.04448077201843262
communication 18, epoch 0: client-2 0.11804589561440727
communication 18, epoch 0: client-3 0.06610190176538058
communication 18, epoch 0: client-4 0.06105860576710918
communication 18, epoch 0: client-5 0.05511378745237986
Round 019/20 | val_loss: 3.2202 | val_acc: 0.2833 | val_macro_f1: 0.2316 | non_finite_batches: 0
communication 19, epoch 0: client-1 0.04890061215170332
communication 19, epoch 0: client-2 0.06497434088412453
communication 19, epoch 0: client-3 0.09535255940521464
communication 19, epoch 0: client-4 0.06209813955832611
communication 19, epoch 0: client-5 0.0465427256292767
Round 020/20 | val_loss: 3.6266 | val_acc: 0.2371 | val_macro_f1: 0.1687 | non_finite_batches: 0

Final test evaluation:
Best round: 1
Best validation loss: 2.0408
Test loss: 2.0401
Test accuracy: 0.1947
Test macro-F1: 0.0407
Test non-finite batches: 0
DP epsilon: 30.12663110385034
DP delta: 1e-05
DP sampling rate: 1.0
Privacy accountant: AIJack GeneralMomentAccountant
Test F1 class 0: 0.0000 (basophil)
Test F1 class 1: 0.0000 (eosinophil)
Test F1 class 2: 0.0000 (erythroblast)
Test F1 class 3: 0.0000 (immature granulocytes(myelocytes, metamyelocytes and promyelocytes))
Test F1 class 4: 0.0000 (lymphocyte)
Test F1 class 5: 0.0000 (monocyte)
Test F1 class 6: 0.3259 (neutrophil)
Test F1 class 7: 0.0000 (platelet)

Saved config to: results/day1fix_blood_alpha1_sigma1p0_seed42/config.yaml
Saved history to: results/day1fix_blood_alpha1_sigma1p0_seed42/history.csv
Saved test metrics to: results/day1fix_blood_alpha1_sigma1p0_seed42/test_metrics.csv
Saved client distributions to: results/day1fix_blood_alpha1_sigma1p0_seed42/client_distributions.csv
Saved final model to: results/day1fix_blood_alpha1_sigma1p0_seed42/final_model.pt
Saved confusion matrix to: results/day1fix_blood_alpha1_sigma1p0_seed42/confusion_matrix.png
