Using device: cpu
Starting AIJack FedAvg + DP BloodMNIST | clients=5, rounds=20, local_epochs=1, batch_size=64, lr=0.01, split=iid, alpha=0.5, optimizer=SGD, dp_enabled=True, clip_norm=1.0, noise_multiplier=0.2, dp_noise_std=None, effective_noise_multiplier=0.2, actual_noise_std=0.2, delta=1e-05
communication 0, epoch 0: client-1 0.032179181513033416
communication 0, epoch 0: client-2 0.032028100043535235
communication 0, epoch 0: client-3 0.03227555230259895
communication 0, epoch 0: client-4 0.0322739918004064
communication 0, epoch 0: client-5 0.03232893906533718
Round 001/20 | val_loss: 2.0482 | val_acc: 0.1945 | val_macro_f1: 0.0407 | non_finite_batches: 0
communication 1, epoch 0: client-1 0.031560399647181235
communication 1, epoch 0: client-2 0.03168061366748242
communication 1, epoch 0: client-3 0.03189261310866901
communication 1, epoch 0: client-4 0.031538696377538145
communication 1, epoch 0: client-5 0.031818462447041555
Round 002/20 | val_loss: 2.0162 | val_acc: 0.1945 | val_macro_f1: 0.0407 | non_finite_batches: 0
communication 2, epoch 0: client-1 0.03132855754933859
communication 2, epoch 0: client-2 0.03124980119845042
communication 2, epoch 0: client-3 0.031248008743638082
communication 2, epoch 0: client-4 0.0309281044063114
communication 2, epoch 0: client-5 0.03125847258458012
Round 003/20 | val_loss: 1.9791 | val_acc: 0.1945 | val_macro_f1: 0.0407 | non_finite_batches: 0
communication 3, epoch 0: client-1 0.030644675716757774
communication 3, epoch 0: client-2 0.030465702940192487
communication 3, epoch 0: client-3 0.030677115451544522
communication 3, epoch 0: client-4 0.030738310997976977
communication 3, epoch 0: client-5 0.031009821305898102
Round 004/20 | val_loss: 1.9499 | val_acc: 0.1945 | val_macro_f1: 0.0408 | non_finite_batches: 0
communication 4, epoch 0: client-1 0.030176534372217515
communication 4, epoch 0: client-2 0.030073546711355446
communication 4, epoch 0: client-3 0.030434437002986668
communication 4, epoch 0: client-4 0.029776265025138856
communication 4, epoch 0: client-5 0.030379796498700193
Round 005/20 | val_loss: 1.9111 | val_acc: 0.3271 | val_macro_f1: 0.1725 | non_finite_batches: 0
communication 5, epoch 0: client-1 0.029799913220545825
communication 5, epoch 0: client-2 0.02924368789212571
communication 5, epoch 0: client-3 0.029594698836180298
communication 5, epoch 0: client-4 0.029750670137053185
communication 5, epoch 0: client-5 0.03017963921385152
Round 006/20 | val_loss: 1.8651 | val_acc: 0.4322 | val_macro_f1: 0.2680 | non_finite_batches: 0
communication 6, epoch 0: client-1 0.02858104164663114
communication 6, epoch 0: client-2 0.029033152974749867
communication 6, epoch 0: client-3 0.02899968000533788
communication 6, epoch 0: client-4 0.02879262352852445
communication 6, epoch 0: client-5 0.029184812857281594
Round 007/20 | val_loss: 1.8100 | val_acc: 0.4527 | val_macro_f1: 0.2582 | non_finite_batches: 0
communication 7, epoch 0: client-1 0.027926242910325527
communication 7, epoch 0: client-2 0.02787416459371646
communication 7, epoch 0: client-3 0.027880035992711782
communication 7, epoch 0: client-4 0.027901951670646668
communication 7, epoch 0: client-5 0.028300573968369026
Round 008/20 | val_loss: 1.7479 | val_acc: 0.4936 | val_macro_f1: 0.2884 | non_finite_batches: 0
communication 8, epoch 0: client-1 0.027040679185163407
communication 8, epoch 0: client-2 0.026897226375612347
communication 8, epoch 0: client-3 0.02663284633308649
communication 8, epoch 0: client-4 0.02631012644045628
communication 8, epoch 0: client-5 0.02728272121595709
Round 009/20 | val_loss: 1.6816 | val_acc: 0.4959 | val_macro_f1: 0.2971 | non_finite_batches: 0
communication 9, epoch 0: client-1 0.02601364441215992
communication 9, epoch 0: client-2 0.026570729194925383
communication 9, epoch 0: client-3 0.026323777490428517
communication 9, epoch 0: client-4 0.026051755994558334
communication 9, epoch 0: client-5 0.02626655665649609
Round 010/20 | val_loss: 1.6347 | val_acc: 0.5129 | val_macro_f1: 0.3078 | non_finite_batches: 0
communication 10, epoch 0: client-1 0.025459637954121546
communication 10, epoch 0: client-2 0.025409980863332748
communication 10, epoch 0: client-3 0.02559378430247307
communication 10, epoch 0: client-4 0.024848874577361603
communication 10, epoch 0: client-5 0.025346700345044552
Round 011/20 | val_loss: 1.5814 | val_acc: 0.5158 | val_macro_f1: 0.3175 | non_finite_batches: 0
communication 11, epoch 0: client-1 0.024541340429674496
communication 11, epoch 0: client-2 0.024182116697457703
communication 11, epoch 0: client-3 0.02420030226930976
communication 11, epoch 0: client-4 0.02437702352181077
communication 11, epoch 0: client-5 0.02503091606654619
Round 012/20 | val_loss: 1.5284 | val_acc: 0.5216 | val_macro_f1: 0.3167 | non_finite_batches: 0
communication 12, epoch 0: client-1 0.024340147446644932
communication 12, epoch 0: client-2 0.023848515257916668
communication 12, epoch 0: client-3 0.02415995837913619
communication 12, epoch 0: client-4 0.023026394968231518
communication 12, epoch 0: client-5 0.02446214167866856
Round 013/20 | val_loss: 1.4858 | val_acc: 0.5105 | val_macro_f1: 0.3165 | non_finite_batches: 0
communication 13, epoch 0: client-1 0.023464537411928176
communication 13, epoch 0: client-2 0.023259554352415234
communication 13, epoch 0: client-3 0.02291822071899386
communication 13, epoch 0: client-4 0.023224410600960255
communication 13, epoch 0: client-5 0.023988301772624253
Round 014/20 | val_loss: 1.4592 | val_acc: 0.5175 | val_macro_f1: 0.3219 | non_finite_batches: 0
communication 14, epoch 0: client-1 0.023271198943257333
communication 14, epoch 0: client-2 0.021997764396170776
communication 14, epoch 0: client-3 0.023107647699745076
communication 14, epoch 0: client-4 0.022969813723313182
communication 14, epoch 0: client-5 0.02308719658425876
Round 015/20 | val_loss: 1.4254 | val_acc: 0.5146 | val_macro_f1: 0.3304 | non_finite_batches: 0
communication 15, epoch 0: client-1 0.022729086875915527
communication 15, epoch 0: client-2 0.021739191597416288
communication 15, epoch 0: client-3 0.022164974851827873
communication 15, epoch 0: client-4 0.02206995462377866
communication 15, epoch 0: client-5 0.02245104240010614
Round 016/20 | val_loss: 1.3922 | val_acc: 0.5415 | val_macro_f1: 0.3541 | non_finite_batches: 0
communication 16, epoch 0: client-1 0.021350688555023888
communication 16, epoch 0: client-2 0.021647169205703233
communication 16, epoch 0: client-3 0.02154202593697442
communication 16, epoch 0: client-4 0.021592468611503903
communication 16, epoch 0: client-5 0.021190631086938083
Round 017/20 | val_loss: 1.3692 | val_acc: 0.5473 | val_macro_f1: 0.3763 | non_finite_batches: 0
communication 17, epoch 0: client-1 0.021346217021346092
communication 17, epoch 0: client-2 0.021636814859352614
communication 17, epoch 0: client-3 0.02180058090016246
communication 17, epoch 0: client-4 0.021013931097353205
communication 17, epoch 0: client-5 0.021395717188715933
Round 018/20 | val_loss: 1.3436 | val_acc: 0.5450 | val_macro_f1: 0.3737 | non_finite_batches: 0
communication 18, epoch 0: client-1 0.02148881936936002
communication 18, epoch 0: client-2 0.0209665318708057
communication 18, epoch 0: client-3 0.02120532200206071
communication 18, epoch 0: client-4 0.02038351967930794
communication 18, epoch 0: client-5 0.02082386277616024
Round 019/20 | val_loss: 1.3222 | val_acc: 0.5391 | val_macro_f1: 0.3643 | non_finite_batches: 0
communication 19, epoch 0: client-1 0.020784099275867145
communication 19, epoch 0: client-2 0.020918059501458298
communication 19, epoch 0: client-3 0.021350197959691286
communication 19, epoch 0: client-4 0.0202954794280231
communication 19, epoch 0: client-5 0.020929274335503577
Round 020/20 | val_loss: 1.2971 | val_acc: 0.5631 | val_macro_f1: 0.3913 | non_finite_batches: 0

Final test evaluation:
Best round: 20
Best validation loss: 1.2971
Test loss: 1.3005
Test accuracy: 0.5607
Test macro-F1: 0.3861
Test non-finite batches: 0
DP epsilon: 510.1266311038503
DP delta: 1e-05
DP sampling rate: 1.0
Privacy accountant: AIJack GeneralMomentAccountant
Test F1 class 0: 0.0000 (basophil)
Test F1 class 1: 0.6059 (eosinophil)
Test F1 class 2: 0.4193 (erythroblast)
Test F1 class 3: 0.4806 (immature granulocytes(myelocytes, metamyelocytes and promyelocytes))
Test F1 class 4: 0.0000 (lymphocyte)
Test F1 class 5: 0.0000 (monocyte)
Test F1 class 6: 0.6807 (neutrophil)
Test F1 class 7: 0.9020 (platelet)

Saved config to: results/day1fix_blood_iid_sigma0p2_seed42/config.yaml
Saved history to: results/day1fix_blood_iid_sigma0p2_seed42/history.csv
Saved test metrics to: results/day1fix_blood_iid_sigma0p2_seed42/test_metrics.csv
Saved client distributions to: results/day1fix_blood_iid_sigma0p2_seed42/client_distributions.csv
Saved final model to: results/day1fix_blood_iid_sigma0p2_seed42/final_model.pt
Saved confusion matrix to: results/day1fix_blood_iid_sigma0p2_seed42/confusion_matrix.png
