Using device: cpu
Starting AIJack FedAvg + DP BloodMNIST | clients=5, rounds=20, local_epochs=1, batch_size=64, lr=0.01, split=iid, alpha=0.5, optimizer=SGD, dp_enabled=True, clip_norm=1.0, noise_multiplier=1.0, dp_noise_std=None, effective_noise_multiplier=1.0, actual_noise_std=1.0, delta=1e-05
communication 0, epoch 0: client-1 0.03212999630915491
communication 0, epoch 0: client-2 0.0316297946870327
communication 0, epoch 0: client-3 0.032162254117429255
communication 0, epoch 0: client-4 0.03280943895087523
communication 0, epoch 0: client-5 0.03271973738446832
Round 001/20 | val_loss: 2.0413 | val_acc: 0.1968 | val_macro_f1: 0.0461 | non_finite_batches: 0
communication 1, epoch 0: client-1 0.032572609372437
communication 1, epoch 0: client-2 0.03235537088697865
communication 1, epoch 0: client-3 0.034404978422181945
communication 1, epoch 0: client-4 0.03190861048642546
communication 1, epoch 0: client-5 0.031963338454564415
Round 002/20 | val_loss: 2.0261 | val_acc: 0.1998 | val_macro_f1: 0.0490 | non_finite_batches: 0
communication 2, epoch 0: client-1 0.0330845760671716
communication 2, epoch 0: client-2 0.03323106453395807
communication 2, epoch 0: client-3 0.03275638126901218
communication 2, epoch 0: client-4 0.031521674689082874
communication 2, epoch 0: client-5 0.032926451806959356
Round 003/20 | val_loss: 2.0211 | val_acc: 0.1846 | val_macro_f1: 0.0521 | non_finite_batches: 0
communication 3, epoch 0: client-1 0.03403109395876527
communication 3, epoch 0: client-2 0.03216405647496382
communication 3, epoch 0: client-3 0.032335100788623096
communication 3, epoch 0: client-4 0.03281588830492076
communication 3, epoch 0: client-5 0.03210658986460079
Round 004/20 | val_loss: 2.0419 | val_acc: 0.1828 | val_macro_f1: 0.0719 | non_finite_batches: 0
communication 4, epoch 0: client-1 0.0363355110235074
communication 4, epoch 0: client-2 0.03200960336253047
communication 4, epoch 0: client-3 0.03367245625704527
communication 4, epoch 0: client-4 0.03186680130660534
communication 4, epoch 0: client-5 0.03777286155443443
Round 005/20 | val_loss: 2.0287 | val_acc: 0.1828 | val_macro_f1: 0.0465 | non_finite_batches: 0
communication 5, epoch 0: client-1 0.03613212496480521
communication 5, epoch 0: client-2 0.031653211865988046
communication 5, epoch 0: client-3 0.033020050772889095
communication 5, epoch 0: client-4 0.033841355703771114
communication 5, epoch 0: client-5 0.0341957083770207
Round 006/20 | val_loss: 1.9778 | val_acc: 0.2050 | val_macro_f1: 0.0860 | non_finite_batches: 0
communication 6, epoch 0: client-1 0.03376765304098004
communication 6, epoch 0: client-2 0.03190945549622962
communication 6, epoch 0: client-3 0.03280197610349759
communication 6, epoch 0: client-4 0.032691596958198045
communication 6, epoch 0: client-5 0.034733916322390236
Round 007/20 | val_loss: 2.0533 | val_acc: 0.1875 | val_macro_f1: 0.0479 | non_finite_batches: 0
communication 7, epoch 0: client-1 0.033463835095365844
communication 7, epoch 0: client-2 0.032956923668583236
communication 7, epoch 0: client-3 0.03563136886805296
communication 7, epoch 0: client-4 0.03298821486532688
communication 7, epoch 0: client-5 0.033060484525302185
Round 008/20 | val_loss: 1.9427 | val_acc: 0.2348 | val_macro_f1: 0.1448 | non_finite_batches: 0
communication 8, epoch 0: client-1 0.03301269906972136
communication 8, epoch 0: client-2 0.03519930402663621
communication 8, epoch 0: client-3 0.03317430905169911
communication 8, epoch 0: client-4 0.030097638400128253
communication 8, epoch 0: client-5 0.03353180501021837
Round 009/20 | val_loss: 2.0078 | val_acc: 0.2658 | val_macro_f1: 0.1269 | non_finite_batches: 0
communication 9, epoch 0: client-1 0.0382669948739931
communication 9, epoch 0: client-2 0.0453002518759324
communication 9, epoch 0: client-3 0.03507759501891477
communication 9, epoch 0: client-4 0.03481496153399348
communication 9, epoch 0: client-5 0.03526313679123467
Round 010/20 | val_loss: 2.0533 | val_acc: 0.2179 | val_macro_f1: 0.1325 | non_finite_batches: 0
communication 10, epoch 0: client-1 0.04292924240941093
communication 10, epoch 0: client-2 0.03350929729640484
communication 10, epoch 0: client-3 0.037828054130077365
communication 10, epoch 0: client-4 0.0367622714003791
communication 10, epoch 0: client-5 0.04059034262014472
Round 011/20 | val_loss: 2.1097 | val_acc: 0.2225 | val_macro_f1: 0.1413 | non_finite_batches: 0
communication 11, epoch 0: client-1 0.03559224349869923
communication 11, epoch 0: client-2 0.03965563360940327
communication 11, epoch 0: client-3 0.033901724871248005
communication 11, epoch 0: client-4 0.03730867374688387
communication 11, epoch 0: client-5 0.03524123142032247
Round 012/20 | val_loss: 1.9296 | val_acc: 0.2967 | val_macro_f1: 0.1742 | non_finite_batches: 0
communication 12, epoch 0: client-1 0.035967877232714704
communication 12, epoch 0: client-2 0.03387055334381082
communication 12, epoch 0: client-3 0.034319332179923855
communication 12, epoch 0: client-4 0.041162960645225316
communication 12, epoch 0: client-5 0.032533498015254736
Round 013/20 | val_loss: 1.9244 | val_acc: 0.2144 | val_macro_f1: 0.1238 | non_finite_batches: 0
communication 13, epoch 0: client-1 0.03940378306433558
communication 13, epoch 0: client-2 0.03596354324958826
communication 13, epoch 0: client-3 0.03896136231282178
communication 13, epoch 0: client-4 0.03888029408537679
communication 13, epoch 0: client-5 0.03964195977896452
Round 014/20 | val_loss: 2.2555 | val_acc: 0.2348 | val_macro_f1: 0.1260 | non_finite_batches: 0
communication 14, epoch 0: client-1 0.03921108022332191
communication 14, epoch 0: client-2 0.042760242294106215
communication 14, epoch 0: client-3 0.03679373654487886
communication 14, epoch 0: client-4 0.03721098837099577
communication 14, epoch 0: client-5 0.042172767576717195
Round 015/20 | val_loss: 2.4340 | val_acc: 0.2120 | val_macro_f1: 0.0834 | non_finite_batches: 0
communication 15, epoch 0: client-1 0.03786803986877203
communication 15, epoch 0: client-2 0.042418268198768296
communication 15, epoch 0: client-3 0.0415968198917414
communication 15, epoch 0: client-4 0.036864265089943296
communication 15, epoch 0: client-5 0.04876975115874539
Round 016/20 | val_loss: 2.2414 | val_acc: 0.2471 | val_macro_f1: 0.1424 | non_finite_batches: 0
communication 16, epoch 0: client-1 0.037881952287121254
communication 16, epoch 0: client-2 0.03716159131574003
communication 16, epoch 0: client-3 0.039348325381676354
communication 16, epoch 0: client-4 0.0359885120078137
communication 16, epoch 0: client-5 0.03622713661752641
Round 017/20 | val_loss: 1.8546 | val_acc: 0.2792 | val_macro_f1: 0.2093 | non_finite_batches: 0
communication 17, epoch 0: client-1 0.03975688862173181
communication 17, epoch 0: client-2 0.046753803954312674
communication 17, epoch 0: client-3 0.04566463781520724
communication 17, epoch 0: client-4 0.035199321149026644
communication 17, epoch 0: client-5 0.0337324065156281
Round 018/20 | val_loss: 2.3194 | val_acc: 0.2050 | val_macro_f1: 0.1440 | non_finite_batches: 0
communication 18, epoch 0: client-1 0.04483027618966604
communication 18, epoch 0: client-2 0.05401689850765726
communication 18, epoch 0: client-3 0.03937019919976592
communication 18, epoch 0: client-4 0.04041226568321387
communication 18, epoch 0: client-5 0.04120080266147852
Round 019/20 | val_loss: 2.1481 | val_acc: 0.2313 | val_macro_f1: 0.1897 | non_finite_batches: 0
communication 19, epoch 0: client-1 0.043897050639821425
communication 19, epoch 0: client-2 0.045993639664216476
communication 19, epoch 0: client-3 0.0552102928981185
communication 19, epoch 0: client-4 0.041414549387991426
communication 19, epoch 0: client-5 0.05162986516952515
Round 020/20 | val_loss: 2.0790 | val_acc: 0.2617 | val_macro_f1: 0.2201 | non_finite_batches: 0

Final test evaluation:
Best round: 17
Best validation loss: 1.8546
Test loss: 1.8638
Test accuracy: 0.2982
Test macro-F1: 0.2193
Test non-finite batches: 0
DP epsilon: 30.12663110385034
DP delta: 1e-05
DP sampling rate: 1.0
Privacy accountant: AIJack GeneralMomentAccountant
Test F1 class 0: 0.0156 (basophil)
Test F1 class 1: 0.2393 (eosinophil)
Test F1 class 2: 0.0234 (erythroblast)
Test F1 class 3: 0.2080 (immature granulocytes(myelocytes, metamyelocytes and promyelocytes))
Test F1 class 4: 0.3391 (lymphocyte)
Test F1 class 5: 0.0444 (monocyte)
Test F1 class 6: 0.3777 (neutrophil)
Test F1 class 7: 0.5067 (platelet)

Saved config to: results/day1fix_blood_iid_sigma1p0_seed42/config.yaml
Saved history to: results/day1fix_blood_iid_sigma1p0_seed42/history.csv
Saved test metrics to: results/day1fix_blood_iid_sigma1p0_seed42/test_metrics.csv
Saved client distributions to: results/day1fix_blood_iid_sigma1p0_seed42/client_distributions.csv
Saved final model to: results/day1fix_blood_iid_sigma1p0_seed42/final_model.pt
Saved confusion matrix to: results/day1fix_blood_iid_sigma1p0_seed42/confusion_matrix.png
