Using device: cpu
Starting AIJack FedAvg + DP BloodMNIST | clients=5, rounds=20, local_epochs=1, batch_size=64, lr=0.01, split=dirichlet, alpha=1.0, optimizer=SGD, dp_enabled=False, clip_norm=1.0, noise_multiplier=0.0, dp_noise_std=None, effective_noise_multiplier=0.0, actual_noise_std=0.0, delta=1e-05
communication 0, epoch 0: client-1 0.030759381705090412
communication 0, epoch 0: client-2 0.030812091839786008
communication 0, epoch 0: client-3 0.0303485088495699
communication 0, epoch 0: client-4 0.028881800340764298
communication 0, epoch 0: client-5 0.029650111697275782
Round 001/20 | val_loss: 1.9880 | val_acc: 0.1980 | val_macro_f1: 0.0464 | non_finite_batches: 0
communication 1, epoch 0: client-1 0.027684156376134143
communication 1, epoch 0: client-2 0.025857976383013414
communication 1, epoch 0: client-3 0.028381576107363318
communication 1, epoch 0: client-4 0.025649606814691847
communication 1, epoch 0: client-5 0.027345358215866034
Round 002/20 | val_loss: 1.8958 | val_acc: 0.2301 | val_macro_f1: 0.0798 | non_finite_batches: 0
communication 2, epoch 0: client-1 0.025006130757340417
communication 2, epoch 0: client-2 0.024447041490466816
communication 2, epoch 0: client-3 0.026578873896294587
communication 2, epoch 0: client-4 0.02240559164281412
communication 2, epoch 0: client-5 0.02603657313983829
Round 003/20 | val_loss: 1.7476 | val_acc: 0.3808 | val_macro_f1: 0.2172 | non_finite_batches: 0
communication 3, epoch 0: client-1 0.02232553474627404
communication 3, epoch 0: client-2 0.023133871228451695
communication 3, epoch 0: client-3 0.02438125856936258
communication 3, epoch 0: client-4 0.01930848753564289
communication 3, epoch 0: client-5 0.023827594558605045
Round 004/20 | val_loss: 1.5683 | val_acc: 0.4357 | val_macro_f1: 0.2408 | non_finite_batches: 0
communication 4, epoch 0: client-1 0.02019498261096879
communication 4, epoch 0: client-2 0.021048969731383545
communication 4, epoch 0: client-3 0.022171817064445397
communication 4, epoch 0: client-4 0.017140838661200027
communication 4, epoch 0: client-5 0.021628140959381082
Round 005/20 | val_loss: 1.4580 | val_acc: 0.4246 | val_macro_f1: 0.2873 | non_finite_batches: 0
communication 5, epoch 0: client-1 0.019174301138604168
communication 5, epoch 0: client-2 0.020011788223221985
communication 5, epoch 0: client-3 0.0208650786977554
communication 5, epoch 0: client-4 0.01587226462665406
communication 5, epoch 0: client-5 0.02017298700289325
Round 006/20 | val_loss: 1.3298 | val_acc: 0.5146 | val_macro_f1: 0.3644 | non_finite_batches: 0
communication 6, epoch 0: client-1 0.01734585102051586
communication 6, epoch 0: client-2 0.01988697090731417
communication 6, epoch 0: client-3 0.02041614383879406
communication 6, epoch 0: client-4 0.014747895389689108
communication 6, epoch 0: client-5 0.01918751014672547
Round 007/20 | val_loss: 1.2693 | val_acc: 0.5228 | val_macro_f1: 0.3801 | non_finite_batches: 0
communication 7, epoch 0: client-1 0.01674455472135915
communication 7, epoch 0: client-2 0.019416119988046737
communication 7, epoch 0: client-3 0.019526848323077783
communication 7, epoch 0: client-4 0.01424741186985971
communication 7, epoch 0: client-5 0.018383247099611533
Round 008/20 | val_loss: 1.2155 | val_acc: 0.5058 | val_macro_f1: 0.3670 | non_finite_batches: 0
communication 8, epoch 0: client-1 0.01702882405738762
communication 8, epoch 0: client-2 0.019037928187746442
communication 8, epoch 0: client-3 0.0191607299749286
communication 8, epoch 0: client-4 0.013838045895196181
communication 8, epoch 0: client-5 0.01753580423761284
Round 009/20 | val_loss: 1.2324 | val_acc: 0.5146 | val_macro_f1: 0.4015 | non_finite_batches: 0
communication 9, epoch 0: client-1 0.01651458643095589
communication 9, epoch 0: client-2 0.017919196642552822
communication 9, epoch 0: client-3 0.01925321538789389
communication 9, epoch 0: client-4 0.01317625480019471
communication 9, epoch 0: client-5 0.01759676707385639
Round 010/20 | val_loss: 1.1608 | val_acc: 0.5187 | val_macro_f1: 0.3916 | non_finite_batches: 0
communication 10, epoch 0: client-1 0.01575579141127699
communication 10, epoch 0: client-2 0.017403248845175384
communication 10, epoch 0: client-3 0.018869903921840812
communication 10, epoch 0: client-4 0.01274853054666967
communication 10, epoch 0: client-5 0.01742195916637412
Round 011/20 | val_loss: 1.1456 | val_acc: 0.5415 | val_macro_f1: 0.4428 | non_finite_batches: 0
communication 11, epoch 0: client-1 0.01616618903258948
communication 11, epoch 0: client-2 0.018641677864810878
communication 11, epoch 0: client-3 0.01829317298169261
communication 11, epoch 0: client-4 0.01253504951215694
communication 11, epoch 0: client-5 0.016719932975115745
Round 012/20 | val_loss: 1.0959 | val_acc: 0.5543 | val_macro_f1: 0.4246 | non_finite_batches: 0
communication 12, epoch 0: client-1 0.01575970171167866
communication 12, epoch 0: client-2 0.01656273055804713
communication 12, epoch 0: client-3 0.01829213500423188
communication 12, epoch 0: client-4 0.012204314440556394
communication 12, epoch 0: client-5 0.01577536068296397
Round 013/20 | val_loss: 1.0630 | val_acc: 0.5958 | val_macro_f1: 0.5084 | non_finite_batches: 0
communication 13, epoch 0: client-1 0.015498261133163114
communication 13, epoch 0: client-2 0.016056404088982675
communication 13, epoch 0: client-3 0.017896406677763602
communication 13, epoch 0: client-4 0.011881865302760275
communication 13, epoch 0: client-5 0.015835567232573646
Round 014/20 | val_loss: 1.0491 | val_acc: 0.6081 | val_macro_f1: 0.5125 | non_finite_batches: 0
communication 14, epoch 0: client-1 0.015690597143624627
communication 14, epoch 0: client-2 0.016690360446344962
communication 14, epoch 0: client-3 0.01742803674163716
communication 14, epoch 0: client-4 0.011925639826617351
communication 14, epoch 0: client-5 0.01571737670312599
Round 015/20 | val_loss: 1.0163 | val_acc: 0.6414 | val_macro_f1: 0.5430 | non_finite_batches: 0
communication 15, epoch 0: client-1 0.014882500618785495
communication 15, epoch 0: client-2 0.015787295972936877
communication 15, epoch 0: client-3 0.01713831563617176
communication 15, epoch 0: client-4 0.011206481742132896
communication 15, epoch 0: client-5 0.014938716580418624
Round 016/20 | val_loss: 1.0229 | val_acc: 0.6016 | val_macro_f1: 0.5140 | non_finite_batches: 0
communication 16, epoch 0: client-1 0.015143144730681641
communication 16, epoch 0: client-2 0.014992187284974017
communication 16, epoch 0: client-3 0.017028531666327194
communication 16, epoch 0: client-4 0.011313658751906952
communication 16, epoch 0: client-5 0.014939118834102856
Round 017/20 | val_loss: 0.9718 | val_acc: 0.6466 | val_macro_f1: 0.5698 | non_finite_batches: 0
communication 17, epoch 0: client-1 0.014340801464718498
communication 17, epoch 0: client-2 0.014706580649729748
communication 17, epoch 0: client-3 0.016268097609781915
communication 17, epoch 0: client-4 0.011206662197270593
communication 17, epoch 0: client-5 0.01436128473423882
Round 018/20 | val_loss: 0.9913 | val_acc: 0.6174 | val_macro_f1: 0.5240 | non_finite_batches: 0
communication 18, epoch 0: client-1 0.01476712313292625
communication 18, epoch 0: client-2 0.014298147228416333
communication 18, epoch 0: client-3 0.016594004759138425
communication 18, epoch 0: client-4 0.010632224180646648
communication 18, epoch 0: client-5 0.014101913879810654
Round 019/20 | val_loss: 0.9470 | val_acc: 0.6273 | val_macro_f1: 0.5443 | non_finite_batches: 0
communication 19, epoch 0: client-1 0.014459228251350362
communication 19, epoch 0: client-2 0.014515564765459225
communication 19, epoch 0: client-3 0.01662829904607513
communication 19, epoch 0: client-4 0.010472199746540614
communication 19, epoch 0: client-5 0.013172310031534394
Round 020/20 | val_loss: 0.9670 | val_acc: 0.6379 | val_macro_f1: 0.6086 | non_finite_batches: 0

Final test evaluation:
Best round: 19
Best validation loss: 0.9470
Test loss: 0.9717
Test accuracy: 0.6291
Test macro-F1: 0.5337
Test non-finite batches: 0
DP epsilon: None
DP delta: 1e-05
DP sampling rate: 1.0
Privacy accountant: AIJack GeneralMomentAccountant
Test F1 class 0: 0.0163 (basophil)
Test F1 class 1: 0.6380 (eosinophil)
Test F1 class 2: 0.5725 (erythroblast)
Test F1 class 3: 0.5062 (immature granulocytes(myelocytes, metamyelocytes and promyelocytes))
Test F1 class 4: 0.5895 (lymphocyte)
Test F1 class 5: 0.2322 (monocyte)
Test F1 class 6: 0.7736 (neutrophil)
Test F1 class 7: 0.9414 (platelet)

Saved config to: results/day1fix_blood_alpha1_sigma0p0_seed43/config.yaml
Saved history to: results/day1fix_blood_alpha1_sigma0p0_seed43/history.csv
Saved test metrics to: results/day1fix_blood_alpha1_sigma0p0_seed43/test_metrics.csv
Saved client distributions to: results/day1fix_blood_alpha1_sigma0p0_seed43/client_distributions.csv
Saved final model to: results/day1fix_blood_alpha1_sigma0p0_seed43/final_model.pt
Saved confusion matrix to: results/day1fix_blood_alpha1_sigma0p0_seed43/confusion_matrix.png
